{"/home/kevin-ejiofor/Documents/cody Job/Mandalazz/src/admin/data/models/adminModel.js": {"path":"/home/kevin-ejiofor/Documents/cody Job/Mandalazz/src/admin/data/models/adminModel.js","statementMap":{"0":{"start":{"line":1,"column":17},"end":{"line":1,"column":36}},"1":{"start":{"line":2,"column":17},"end":{"line":2,"column":52}},"2":{"start":{"line":4,"column":20},"end":{"line":39,"column":2}},"3":{"start":{"line":41,"column":0},"end":{"line":41,"column":54}}},"fnMap":{},"branchMap":{},"s":{"0":1,"1":1,"2":1,"3":1},"f":{},"b":{},"_coverageSchema":"1a1c01bbd47fc00a2c39e90264f33305004495a9","hash":"39023f9fb4b5415eeebde59498d54f5dbfac0724"}
,"/home/kevin-ejiofor/Documents/cody Job/Mandalazz/src/admin/data/repositories/adminRepository.js": {"path":"/home/kevin-ejiofor/Documents/cody Job/Mandalazz/src/admin/data/repositories/adminRepository.js","statementMap":{"0":{"start":{"line":1,"column":14},"end":{"line":1,"column":45}},"1":{"start":{"line":2,"column":17},"end":{"line":2,"column":36}},"2":{"start":{"line":5,"column":24},"end":{"line":7,"column":1}},"3":{"start":{"line":6,"column":4},"end":{"line":6,"column":33}},"4":{"start":{"line":9,"column":25},"end":{"line":11,"column":1}},"5":{"start":{"line":10,"column":4},"end":{"line":10,"column":34}},"6":{"start":{"line":13,"column":20},"end":{"line":17,"column":1}},"7":{"start":{"line":14,"column":21},"end":{"line":14,"column":57}},"8":{"start":{"line":15,"column":4},"end":{"line":15,"column":26}},"9":{"start":{"line":16,"column":4},"end":{"line":16,"column":20}},"10":{"start":{"line":19,"column":0},"end":{"line":19,"column":67}}},"fnMap":{"0":{"name":"(anonymous_0)","decl":{"start":{"line":5,"column":24},"end":{"line":5,"column":25}},"loc":{"start":{"line":5,"column":40},"end":{"line":7,"column":1}},"line":5},"1":{"name":"(anonymous_1)","decl":{"start":{"line":9,"column":25},"end":{"line":9,"column":26}},"loc":{"start":{"line":9,"column":42},"end":{"line":11,"column":1}},"line":9},"2":{"name":"(anonymous_2)","decl":{"start":{"line":13,"column":20},"end":{"line":13,"column":21}},"loc":{"start":{"line":13,"column":53},"end":{"line":17,"column":1}},"line":13}},"branchMap":{},"s":{"0":1,"1":1,"2":1,"3":0,"4":1,"5":0,"6":1,"7":0,"8":0,"9":0,"10":1},"f":{"0":0,"1":0,"2":0},"b":{},"_coverageSchema":"1a1c01bbd47fc00a2c39e90264f33305004495a9","hash":"772bcf30820b0ff68b9981b435804de8d2c59799"}
,"/home/kevin-ejiofor/Documents/cody Job/Mandalazz/src/cart/data/models/cartModel.js": {"path":"/home/kevin-ejiofor/Documents/cody Job/Mandalazz/src/cart/data/models/cartModel.js","statementMap":{"0":{"start":{"line":1,"column":17},"end":{"line":1,"column":36}},"1":{"start":{"line":2,"column":19},"end":{"line":2,"column":27}},"2":{"start":{"line":4,"column":19},"end":{"line":44,"column":24}},"3":{"start":{"line":15,"column":27},"end":{"line":15,"column":59}},"4":{"start":{"line":46,"column":0},"end":{"line":46,"column":52}}},"fnMap":{"0":{"name":"(anonymous_0)","decl":{"start":{"line":15,"column":21},"end":{"line":15,"column":22}},"loc":{"start":{"line":15,"column":27},"end":{"line":15,"column":59}},"line":15}},"branchMap":{},"s":{"0":1,"1":1,"2":1,"3":0,"4":1},"f":{"0":0},"b":{},"_coverageSchema":"1a1c01bbd47fc00a2c39e90264f33305004495a9","hash":"63856d37580a32f91f29123881dcd3077dc0e967"}
,"/home/kevin-ejiofor/Documents/cody Job/Mandalazz/src/cart/data/repositories/CartRepository.js": {"path":"/home/kevin-ejiofor/Documents/cody Job/Mandalazz/src/cart/data/repositories/CartRepository.js","statementMap":{"0":{"start":{"line":1,"column":13},"end":{"line":1,"column":43}},"1":{"start":{"line":5,"column":8},"end":{"line":5,"column":46}},"2":{"start":{"line":9,"column":8},"end":{"line":9,"column":41}},"3":{"start":{"line":13,"column":8},"end":{"line":13,"column":62}},"4":{"start":{"line":17,"column":8},"end":{"line":17,"column":27}},"5":{"start":{"line":21,"column":8},"end":{"line":21,"column":32}},"6":{"start":{"line":25,"column":8},"end":{"line":25,"column":72}},"7":{"start":{"line":29,"column":8},"end":{"line":29,"column":67}},"8":{"start":{"line":34,"column":8},"end":{"line":38,"column":9}},"9":{"start":{"line":35,"column":12},"end":{"line":35,"column":43}},"10":{"start":{"line":36,"column":15},"end":{"line":38,"column":9}},"11":{"start":{"line":37,"column":12},"end":{"line":37,"column":47}},"12":{"start":{"line":39,"column":8},"end":{"line":39,"column":20}},"13":{"start":{"line":44,"column":8},"end":{"line":48,"column":9}},"14":{"start":{"line":45,"column":12},"end":{"line":45,"column":52}},"15":{"start":{"line":46,"column":15},"end":{"line":48,"column":9}},"16":{"start":{"line":47,"column":12},"end":{"line":47,"column":62}},"17":{"start":{"line":49,"column":8},"end":{"line":49,"column":20}},"18":{"start":{"line":53,"column":0},"end":{"line":53,"column":32}}},"fnMap":{"0":{"name":"(anonymous_0)","decl":{"start":{"line":4,"column":4},"end":{"line":4,"column":5}},"loc":{"start":{"line":4,"column":36},"end":{"line":6,"column":5}},"line":4},"1":{"name":"(anonymous_1)","decl":{"start":{"line":8,"column":4},"end":{"line":8,"column":5}},"loc":{"start":{"line":8,"column":40},"end":{"line":10,"column":5}},"line":8},"2":{"name":"(anonymous_2)","decl":{"start":{"line":12,"column":4},"end":{"line":12,"column":5}},"loc":{"start":{"line":12,"column":59},"end":{"line":14,"column":5}},"line":12},"3":{"name":"(anonymous_3)","decl":{"start":{"line":16,"column":4},"end":{"line":16,"column":5}},"loc":{"start":{"line":16,"column":32},"end":{"line":18,"column":5}},"line":16},"4":{"name":"(anonymous_4)","decl":{"start":{"line":20,"column":4},"end":{"line":20,"column":5}},"loc":{"start":{"line":20,"column":34},"end":{"line":22,"column":5}},"line":20},"5":{"name":"(anonymous_5)","decl":{"start":{"line":24,"column":4},"end":{"line":24,"column":5}},"loc":{"start":{"line":24,"column":45},"end":{"line":26,"column":5}},"line":24},"6":{"name":"(anonymous_6)","decl":{"start":{"line":28,"column":4},"end":{"line":28,"column":5}},"loc":{"start":{"line":28,"column":55},"end":{"line":30,"column":5}},"line":28},"7":{"name":"(anonymous_7)","decl":{"start":{"line":33,"column":4},"end":{"line":33,"column":5}},"loc":{"start":{"line":33,"column":43},"end":{"line":40,"column":5}},"line":33},"8":{"name":"(anonymous_8)","decl":{"start":{"line":43,"column":4},"end":{"line":43,"column":5}},"loc":{"start":{"line":43,"column":67},"end":{"line":50,"column":5}},"line":43}},"branchMap":{"0":{"loc":{"start":{"line":12,"column":28},"end":{"line":12,"column":41}},"type":"default-arg","locations":[{"start":{"line":12,"column":37},"end":{"line":12,"column":41}}],"line":12},"1":{"loc":{"start":{"line":12,"column":43},"end":{"line":12,"column":57}},"type":"default-arg","locations":[{"start":{"line":12,"column":53},"end":{"line":12,"column":57}}],"line":12},"2":{"loc":{"start":{"line":34,"column":8},"end":{"line":38,"column":9}},"type":"if","locations":[{"start":{"line":34,"column":8},"end":{"line":38,"column":9}},{"start":{"line":36,"column":15},"end":{"line":38,"column":9}}],"line":34},"3":{"loc":{"start":{"line":36,"column":15},"end":{"line":38,"column":9}},"type":"if","locations":[{"start":{"line":36,"column":15},"end":{"line":38,"column":9}},{"start":{},"end":{}}],"line":36},"4":{"loc":{"start":{"line":44,"column":8},"end":{"line":48,"column":9}},"type":"if","locations":[{"start":{"line":44,"column":8},"end":{"line":48,"column":9}},{"start":{"line":46,"column":15},"end":{"line":48,"column":9}}],"line":44},"5":{"loc":{"start":{"line":46,"column":15},"end":{"line":48,"column":9}},"type":"if","locations":[{"start":{"line":46,"column":15},"end":{"line":48,"column":9}},{"start":{},"end":{}}],"line":46}},"s":{"0":1,"1":0,"2":0,"3":0,"4":0,"5":0,"6":0,"7":0,"8":0,"9":0,"10":0,"11":0,"12":0,"13":0,"14":0,"15":0,"16":0,"17":0,"18":1},"f":{"0":0,"1":0,"2":0,"3":0,"4":0,"5":0,"6":0,"7":0,"8":0},"b":{"0":[0],"1":[0],"2":[0,0],"3":[0,0],"4":[0,0],"5":[0,0]},"_coverageSchema":"1a1c01bbd47fc00a2c39e90264f33305004495a9","hash":"7fa4473814f27d55c86e01920c10e0fdf096200f"}
,"/home/kevin-ejiofor/Documents/cody Job/Mandalazz/src/cart/services/CartService.js": {"path":"/home/kevin-ejiofor/Documents/cody Job/Mandalazz/src/cart/services/CartService.js","statementMap":{"0":{"start":{"line":1,"column":23},"end":{"line":1,"column":69}},"1":{"start":{"line":2,"column":26},"end":{"line":2,"column":86}},"2":{"start":{"line":3,"column":33},"end":{"line":3,"column":66}},"3":{"start":{"line":7,"column":52},"end":{"line":12,"column":9}},"4":{"start":{"line":14,"column":21},"end":{"line":14,"column":64}},"5":{"start":{"line":15,"column":8},"end":{"line":15,"column":69}},"6":{"start":{"line":17,"column":8},"end":{"line":17,"column":66}},"7":{"start":{"line":18,"column":8},"end":{"line":18,"column":44}},"8":{"start":{"line":20,"column":8},"end":{"line":20,"column":20}},"9":{"start":{"line":26,"column":8},"end":{"line":30,"column":9}},"10":{"start":{"line":27,"column":12},"end":{"line":27,"column":68}},"11":{"start":{"line":28,"column":15},"end":{"line":30,"column":9}},"12":{"start":{"line":29,"column":12},"end":{"line":29,"column":78}},"13":{"start":{"line":32,"column":8},"end":{"line":32,"column":53}},"14":{"start":{"line":36,"column":21},"end":{"line":38,"column":57}},"15":{"start":{"line":40,"column":8},"end":{"line":40,"column":53}},"16":{"start":{"line":40,"column":19},"end":{"line":40,"column":53}},"17":{"start":{"line":42,"column":21},"end":{"line":42,"column":85}},"18":{"start":{"line":42,"column":47},"end":{"line":42,"column":84}},"19":{"start":{"line":43,"column":8},"end":{"line":43,"column":61}},"20":{"start":{"line":43,"column":19},"end":{"line":43,"column":61}},"21":{"start":{"line":45,"column":8},"end":{"line":49,"column":9}},"22":{"start":{"line":46,"column":12},"end":{"line":46,"column":92}},"23":{"start":{"line":46,"column":53},"end":{"line":46,"column":90}},"24":{"start":{"line":48,"column":12},"end":{"line":48,"column":40}},"25":{"start":{"line":51,"column":8},"end":{"line":51,"column":66}},"26":{"start":{"line":52,"column":8},"end":{"line":52,"column":44}},"27":{"start":{"line":53,"column":8},"end":{"line":53,"column":20}},"28":{"start":{"line":57,"column":21},"end":{"line":59,"column":57}},"29":{"start":{"line":61,"column":8},"end":{"line":61,"column":53}},"30":{"start":{"line":61,"column":19},"end":{"line":61,"column":53}},"31":{"start":{"line":63,"column":8},"end":{"line":63,"column":88}},"32":{"start":{"line":63,"column":49},"end":{"line":63,"column":86}},"33":{"start":{"line":64,"column":8},"end":{"line":64,"column":66}},"34":{"start":{"line":65,"column":8},"end":{"line":65,"column":44}},"35":{"start":{"line":66,"column":8},"end":{"line":66,"column":20}},"36":{"start":{"line":70,"column":21},"end":{"line":72,"column":57}},"37":{"start":{"line":74,"column":8},"end":{"line":74,"column":53}},"38":{"start":{"line":74,"column":19},"end":{"line":74,"column":53}},"39":{"start":{"line":76,"column":8},"end":{"line":76,"column":24}},"40":{"start":{"line":77,"column":8},"end":{"line":77,"column":29}},"41":{"start":{"line":78,"column":8},"end":{"line":78,"column":44}},"42":{"start":{"line":79,"column":8},"end":{"line":79,"column":20}},"43":{"start":{"line":84,"column":8},"end":{"line":125,"column":9}},"44":{"start":{"line":85,"column":30},"end":{"line":85,"column":73}},"45":{"start":{"line":86,"column":12},"end":{"line":88,"column":13}},"46":{"start":{"line":87,"column":16},"end":{"line":87,"column":23}},"47":{"start":{"line":90,"column":27},"end":{"line":90,"column":66}},"48":{"start":{"line":91,"column":12},"end":{"line":93,"column":13}},"49":{"start":{"line":92,"column":16},"end":{"line":92,"column":67}},"50":{"start":{"line":95,"column":12},"end":{"line":114,"column":13}},"51":{"start":{"line":96,"column":37},"end":{"line":101,"column":17}},"52":{"start":{"line":98,"column":24},"end":{"line":100,"column":52}},"53":{"start":{"line":103,"column":16},"end":{"line":113,"column":17}},"54":{"start":{"line":105,"column":20},"end":{"line":105,"column":64}},"55":{"start":{"line":107,"column":20},"end":{"line":112,"column":23}},"56":{"start":{"line":116,"column":12},"end":{"line":116,"column":78}},"57":{"start":{"line":117,"column":12},"end":{"line":117,"column":52}},"58":{"start":{"line":119,"column":12},"end":{"line":119,"column":55}},"59":{"start":{"line":121,"column":12},"end":{"line":121,"column":28}},"60":{"start":{"line":124,"column":12},"end":{"line":124,"column":24}},"61":{"start":{"line":129,"column":24},"end":{"line":129,"column":67}},"62":{"start":{"line":130,"column":8},"end":{"line":130,"column":59}},"63":{"start":{"line":130,"column":22},"end":{"line":130,"column":59}},"64":{"start":{"line":132,"column":26},"end":{"line":134,"column":9}},"65":{"start":{"line":133,"column":19},"end":{"line":133,"column":64}},"66":{"start":{"line":135,"column":8},"end":{"line":137,"column":9}},"67":{"start":{"line":136,"column":12},"end":{"line":136,"column":78}},"68":{"start":{"line":139,"column":28},"end":{"line":141,"column":9}},"69":{"start":{"line":140,"column":19},"end":{"line":140,"column":62}},"70":{"start":{"line":142,"column":8},"end":{"line":144,"column":9}},"71":{"start":{"line":143,"column":12},"end":{"line":143,"column":97}},"72":{"start":{"line":146,"column":8},"end":{"line":148,"column":9}},"73":{"start":{"line":147,"column":12},"end":{"line":147,"column":97}},"74":{"start":{"line":150,"column":8},"end":{"line":150,"column":51}},"75":{"start":{"line":154,"column":19},"end":{"line":156,"column":57}},"76":{"start":{"line":158,"column":8},"end":{"line":160,"column":9}},"77":{"start":{"line":159,"column":12},"end":{"line":159,"column":68}},"78":{"start":{"line":162,"column":8},"end":{"line":162,"column":20}},"79":{"start":{"line":166,"column":29},"end":{"line":171,"column":9}},"80":{"start":{"line":168,"column":16},"end":{"line":170,"column":34}},"81":{"start":{"line":173,"column":8},"end":{"line":177,"column":9}},"82":{"start":{"line":174,"column":12},"end":{"line":174,"column":46}},"83":{"start":{"line":176,"column":12},"end":{"line":176,"column":75}},"84":{"start":{"line":181,"column":0},"end":{"line":181,"column":29}}},"fnMap":{"0":{"name":"(anonymous_0)","decl":{"start":{"line":6,"column":4},"end":{"line":6,"column":5}},"loc":{"start":{"line":6,"column":85},"end":{"line":21,"column":5}},"line":6},"1":{"name":"(anonymous_1)","decl":{"start":{"line":23,"column":4},"end":{"line":23,"column":5}},"loc":{"start":{"line":23,"column":49},"end":{"line":33,"column":5}},"line":23},"2":{"name":"(anonymous_2)","decl":{"start":{"line":35,"column":4},"end":{"line":35,"column":5}},"loc":{"start":{"line":35,"column":76},"end":{"line":54,"column":5}},"line":35},"3":{"name":"(anonymous_3)","decl":{"start":{"line":42,"column":37},"end":{"line":42,"column":38}},"loc":{"start":{"line":42,"column":47},"end":{"line":42,"column":84}},"line":42},"4":{"name":"(anonymous_4)","decl":{"start":{"line":46,"column":43},"end":{"line":46,"column":44}},"loc":{"start":{"line":46,"column":53},"end":{"line":46,"column":90}},"line":46},"5":{"name":"(anonymous_5)","decl":{"start":{"line":56,"column":4},"end":{"line":56,"column":5}},"loc":{"start":{"line":56,"column":56},"end":{"line":67,"column":5}},"line":56},"6":{"name":"(anonymous_6)","decl":{"start":{"line":63,"column":39},"end":{"line":63,"column":40}},"loc":{"start":{"line":63,"column":49},"end":{"line":63,"column":86}},"line":63},"7":{"name":"(anonymous_7)","decl":{"start":{"line":69,"column":4},"end":{"line":69,"column":5}},"loc":{"start":{"line":69,"column":51},"end":{"line":80,"column":5}},"line":69},"8":{"name":"(anonymous_8)","decl":{"start":{"line":82,"column":4},"end":{"line":82,"column":5}},"loc":{"start":{"line":82,"column":61},"end":{"line":126,"column":5}},"line":82},"9":{"name":"(anonymous_9)","decl":{"start":{"line":97,"column":20},"end":{"line":97,"column":21}},"loc":{"start":{"line":98,"column":24},"end":{"line":100,"column":52}},"line":98},"10":{"name":"(anonymous_10)","decl":{"start":{"line":128,"column":4},"end":{"line":128,"column":5}},"loc":{"start":{"line":128,"column":75},"end":{"line":151,"column":5}},"line":128},"11":{"name":"(anonymous_11)","decl":{"start":{"line":133,"column":12},"end":{"line":133,"column":13}},"loc":{"start":{"line":133,"column":19},"end":{"line":133,"column":64}},"line":133},"12":{"name":"(anonymous_12)","decl":{"start":{"line":140,"column":12},"end":{"line":140,"column":13}},"loc":{"start":{"line":140,"column":19},"end":{"line":140,"column":62}},"line":140},"13":{"name":"(anonymous_13)","decl":{"start":{"line":153,"column":4},"end":{"line":153,"column":5}},"loc":{"start":{"line":153,"column":50},"end":{"line":163,"column":5}},"line":153},"14":{"name":"(anonymous_14)","decl":{"start":{"line":165,"column":4},"end":{"line":165,"column":5}},"loc":{"start":{"line":165,"column":67},"end":{"line":178,"column":5}},"line":165},"15":{"name":"(anonymous_15)","decl":{"start":{"line":167,"column":12},"end":{"line":167,"column":13}},"loc":{"start":{"line":168,"column":16},"end":{"line":170,"column":34}},"line":168}},"branchMap":{"0":{"loc":{"start":{"line":6,"column":69},"end":{"line":6,"column":83}},"type":"default-arg","locations":[{"start":{"line":6,"column":79},"end":{"line":6,"column":83}}],"line":6},"1":{"loc":{"start":{"line":23,"column":33},"end":{"line":23,"column":47}},"type":"default-arg","locations":[{"start":{"line":23,"column":43},"end":{"line":23,"column":47}}],"line":23},"2":{"loc":{"start":{"line":26,"column":8},"end":{"line":30,"column":9}},"type":"if","locations":[{"start":{"line":26,"column":8},"end":{"line":30,"column":9}},{"start":{"line":28,"column":15},"end":{"line":30,"column":9}}],"line":26},"3":{"loc":{"start":{"line":28,"column":15},"end":{"line":30,"column":9}},"type":"if","locations":[{"start":{"line":28,"column":15},"end":{"line":30,"column":9}},{"start":{},"end":{}}],"line":28},"4":{"loc":{"start":{"line":32,"column":15},"end":{"line":32,"column":52}},"type":"binary-expr","locations":[{"start":{"line":32,"column":15},"end":{"line":32,"column":19}},{"start":{"line":32,"column":23},"end":{"line":32,"column":52}}],"line":32},"5":{"loc":{"start":{"line":35,"column":60},"end":{"line":35,"column":74}},"type":"default-arg","locations":[{"start":{"line":35,"column":70},"end":{"line":35,"column":74}}],"line":35},"6":{"loc":{"start":{"line":36,"column":21},"end":{"line":38,"column":57}},"type":"cond-expr","locations":[{"start":{"line":37,"column":14},"end":{"line":37,"column":53}},{"start":{"line":38,"column":14},"end":{"line":38,"column":57}}],"line":36},"7":{"loc":{"start":{"line":40,"column":8},"end":{"line":40,"column":53}},"type":"if","locations":[{"start":{"line":40,"column":8},"end":{"line":40,"column":53}},{"start":{},"end":{}}],"line":40},"8":{"loc":{"start":{"line":43,"column":8},"end":{"line":43,"column":61}},"type":"if","locations":[{"start":{"line":43,"column":8},"end":{"line":43,"column":61}},{"start":{},"end":{}}],"line":43},"9":{"loc":{"start":{"line":45,"column":8},"end":{"line":49,"column":9}},"type":"if","locations":[{"start":{"line":45,"column":8},"end":{"line":49,"column":9}},{"start":{"line":47,"column":15},"end":{"line":49,"column":9}}],"line":45},"10":{"loc":{"start":{"line":57,"column":21},"end":{"line":59,"column":57}},"type":"cond-expr","locations":[{"start":{"line":58,"column":14},"end":{"line":58,"column":53}},{"start":{"line":59,"column":14},"end":{"line":59,"column":57}}],"line":57},"11":{"loc":{"start":{"line":61,"column":8},"end":{"line":61,"column":53}},"type":"if","locations":[{"start":{"line":61,"column":8},"end":{"line":61,"column":53}},{"start":{},"end":{}}],"line":61},"12":{"loc":{"start":{"line":69,"column":35},"end":{"line":69,"column":49}},"type":"default-arg","locations":[{"start":{"line":69,"column":45},"end":{"line":69,"column":49}}],"line":69},"13":{"loc":{"start":{"line":70,"column":21},"end":{"line":72,"column":57}},"type":"cond-expr","locations":[{"start":{"line":71,"column":14},"end":{"line":71,"column":53}},{"start":{"line":72,"column":14},"end":{"line":72,"column":57}}],"line":70},"14":{"loc":{"start":{"line":74,"column":8},"end":{"line":74,"column":53}},"type":"if","locations":[{"start":{"line":74,"column":8},"end":{"line":74,"column":53}},{"start":{},"end":{}}],"line":74},"15":{"loc":{"start":{"line":86,"column":12},"end":{"line":88,"column":13}},"type":"if","locations":[{"start":{"line":86,"column":12},"end":{"line":88,"column":13}},{"start":{},"end":{}}],"line":86},"16":{"loc":{"start":{"line":86,"column":16},"end":{"line":86,"column":58}},"type":"binary-expr","locations":[{"start":{"line":86,"column":16},"end":{"line":86,"column":26}},{"start":{"line":86,"column":30},"end":{"line":86,"column":58}}],"line":86},"17":{"loc":{"start":{"line":91,"column":12},"end":{"line":93,"column":13}},"type":"if","locations":[{"start":{"line":91,"column":12},"end":{"line":93,"column":13}},{"start":{},"end":{}}],"line":91},"18":{"loc":{"start":{"line":98,"column":24},"end":{"line":100,"column":52}},"type":"binary-expr","locations":[{"start":{"line":98,"column":24},"end":{"line":98,"column":80}},{"start":{"line":99,"column":24},"end":{"line":99,"column":82}},{"start":{"line":100,"column":24},"end":{"line":100,"column":52}}],"line":98},"19":{"loc":{"start":{"line":103,"column":16},"end":{"line":113,"column":17}},"type":"if","locations":[{"start":{"line":103,"column":16},"end":{"line":113,"column":17}},{"start":{"line":106,"column":23},"end":{"line":113,"column":17}}],"line":103},"20":{"loc":{"start":{"line":130,"column":8},"end":{"line":130,"column":59}},"type":"if","locations":[{"start":{"line":130,"column":8},"end":{"line":130,"column":59}},{"start":{},"end":{}}],"line":130},"21":{"loc":{"start":{"line":135,"column":8},"end":{"line":137,"column":9}},"type":"if","locations":[{"start":{"line":135,"column":8},"end":{"line":137,"column":9}},{"start":{},"end":{}}],"line":135},"22":{"loc":{"start":{"line":142,"column":8},"end":{"line":144,"column":9}},"type":"if","locations":[{"start":{"line":142,"column":8},"end":{"line":144,"column":9}},{"start":{},"end":{}}],"line":142},"23":{"loc":{"start":{"line":146,"column":8},"end":{"line":148,"column":9}},"type":"if","locations":[{"start":{"line":146,"column":8},"end":{"line":148,"column":9}},{"start":{},"end":{}}],"line":146},"24":{"loc":{"start":{"line":154,"column":19},"end":{"line":156,"column":57}},"type":"cond-expr","locations":[{"start":{"line":155,"column":14},"end":{"line":155,"column":53}},{"start":{"line":156,"column":14},"end":{"line":156,"column":57}}],"line":154},"25":{"loc":{"start":{"line":158,"column":8},"end":{"line":160,"column":9}},"type":"if","locations":[{"start":{"line":158,"column":8},"end":{"line":160,"column":9}},{"start":{},"end":{}}],"line":158},"26":{"loc":{"start":{"line":168,"column":16},"end":{"line":170,"column":34}},"type":"binary-expr","locations":[{"start":{"line":168,"column":16},"end":{"line":168,"column":53}},{"start":{"line":169,"column":16},"end":{"line":169,"column":64}},{"start":{"line":170,"column":16},"end":{"line":170,"column":34}}],"line":168},"27":{"loc":{"start":{"line":173,"column":8},"end":{"line":177,"column":9}},"type":"if","locations":[{"start":{"line":173,"column":8},"end":{"line":177,"column":9}},{"start":{"line":175,"column":15},"end":{"line":177,"column":9}}],"line":173}},"s":{"0":1,"1":1,"2":1,"3":0,"4":0,"5":0,"6":0,"7":0,"8":0,"9":0,"10":0,"11":0,"12":0,"13":0,"14":0,"15":0,"16":0,"17":0,"18":0,"19":0,"20":0,"21":0,"22":0,"23":0,"24":0,"25":0,"26":0,"27":0,"28":0,"29":0,"30":0,"31":0,"32":0,"33":0,"34":0,"35":0,"36":0,"37":0,"38":0,"39":0,"40":0,"41":0,"42":0,"43":0,"44":0,"45":0,"46":0,"47":0,"48":0,"49":0,"50":0,"51":0,"52":0,"53":0,"54":0,"55":0,"56":0,"57":0,"58":0,"59":0,"60":0,"61":0,"62":0,"63":0,"64":0,"65":0,"66":0,"67":0,"68":0,"69":0,"70":0,"71":0,"72":0,"73":0,"74":0,"75":0,"76":0,"77":0,"78":0,"79":0,"80":0,"81":0,"82":0,"83":0,"84":1},"f":{"0":0,"1":0,"2":0,"3":0,"4":0,"5":0,"6":0,"7":0,"8":0,"9":0,"10":0,"11":0,"12":0,"13":0,"14":0,"15":0},"b":{"0":[0],"1":[0],"2":[0,0],"3":[0,0],"4":[0,0],"5":[0],"6":[0,0],"7":[0,0],"8":[0,0],"9":[0,0],"10":[0,0],"11":[0,0],"12":[0],"13":[0,0],"14":[0,0],"15":[0,0],"16":[0,0],"17":[0,0],"18":[0,0,0],"19":[0,0],"20":[0,0],"21":[0,0],"22":[0,0],"23":[0,0],"24":[0,0],"25":[0,0],"26":[0,0,0],"27":[0,0]},"_coverageSchema":"1a1c01bbd47fc00a2c39e90264f33305004495a9","hash":"97dfc5af7fe2a7c0db04bf7a95b5516345590f85"}
,"/home/kevin-ejiofor/Documents/cody Job/Mandalazz/src/config/roleEnum.js": {"path":"/home/kevin-ejiofor/Documents/cody Job/Mandalazz/src/config/roleEnum.js","statementMap":{"0":{"start":{"line":1,"column":17},"end":{"line":4,"column":1}},"1":{"start":{"line":6,"column":0},"end":{"line":6,"column":24}},"2":{"start":{"line":8,"column":0},"end":{"line":8,"column":26}}},"fnMap":{},"branchMap":{},"s":{"0":2,"1":2,"2":2},"f":{},"b":{},"_coverageSchema":"1a1c01bbd47fc00a2c39e90264f33305004495a9","hash":"e9e901213fcad98d07ff40daac9485983fae5218"}
,"/home/kevin-ejiofor/Documents/cody Job/Mandalazz/src/product/data/models/productModel.js": {"path":"/home/kevin-ejiofor/Documents/cody Job/Mandalazz/src/product/data/models/productModel.js","statementMap":{"0":{"start":{"line":1,"column":17},"end":{"line":1,"column":36}},"1":{"start":{"line":3,"column":24},"end":{"line":17,"column":2}},"2":{"start":{"line":13,"column":31},"end":{"line":13,"column":46}},"3":{"start":{"line":19,"column":22},"end":{"line":59,"column":24}},"4":{"start":{"line":29,"column":27},"end":{"line":29,"column":72}},"5":{"start":{"line":37,"column":37},"end":{"line":37,"column":59}},"6":{"start":{"line":61,"column":0},"end":{"line":61,"column":88}},"7":{"start":{"line":63,"column":0},"end":{"line":63,"column":58}}},"fnMap":{"0":{"name":"(anonymous_0)","decl":{"start":{"line":13,"column":23},"end":{"line":13,"column":24}},"loc":{"start":{"line":13,"column":31},"end":{"line":13,"column":46}},"line":13},"1":{"name":"(anonymous_1)","decl":{"start":{"line":29,"column":12},"end":{"line":29,"column":13}},"loc":{"start":{"line":29,"column":25},"end":{"line":29,"column":74}},"line":29},"2":{"name":"(anonymous_2)","decl":{"start":{"line":37,"column":20},"end":{"line":37,"column":21}},"loc":{"start":{"line":37,"column":35},"end":{"line":37,"column":61}},"line":37}},"branchMap":{"0":{"loc":{"start":{"line":29,"column":34},"end":{"line":29,"column":71}},"type":"binary-expr","locations":[{"start":{"line":29,"column":34},"end":{"line":29,"column":43}},{"start":{"line":29,"column":47},"end":{"line":29,"column":53}},{"start":{"line":29,"column":57},"end":{"line":29,"column":71}}],"line":29}},"s":{"0":1,"1":1,"2":0,"3":1,"4":0,"5":0,"6":1,"7":1},"f":{"0":0,"1":0,"2":0},"b":{"0":[0,0,0]},"_coverageSchema":"1a1c01bbd47fc00a2c39e90264f33305004495a9","hash":"d15642d5f229b3ea5f6235b4f832d8ae4d762fac"}
,"/home/kevin-ejiofor/Documents/cody Job/Mandalazz/src/product/data/repositories/ProductRepository.js": {"path":"/home/kevin-ejiofor/Documents/cody Job/Mandalazz/src/product/data/repositories/ProductRepository.js","statementMap":{"0":{"start":{"line":1,"column":16},"end":{"line":1,"column":49}},"1":{"start":{"line":5,"column":8},"end":{"line":5,"column":36}},"2":{"start":{"line":9,"column":8},"end":{"line":14,"column":15}},"3":{"start":{"line":18,"column":8},"end":{"line":18,"column":43}},"4":{"start":{"line":19,"column":8},"end":{"line":19,"column":36}},"5":{"start":{"line":23,"column":8},"end":{"line":34,"column":11}},"6":{"start":{"line":38,"column":8},"end":{"line":38,"column":35}},"7":{"start":{"line":42,"column":8},"end":{"line":50,"column":26}},"8":{"start":{"line":54,"column":8},"end":{"line":54,"column":46}},"9":{"start":{"line":58,"column":8},"end":{"line":66,"column":26}},"10":{"start":{"line":70,"column":8},"end":{"line":70,"column":47}},"11":{"start":{"line":75,"column":8},"end":{"line":83,"column":15}},"12":{"start":{"line":88,"column":8},"end":{"line":88,"column":36}},"13":{"start":{"line":92,"column":0},"end":{"line":92,"column":41}}},"fnMap":{"0":{"name":"(anonymous_0)","decl":{"start":{"line":4,"column":4},"end":{"line":4,"column":5}},"loc":{"start":{"line":4,"column":30},"end":{"line":6,"column":5}},"line":4},"1":{"name":"(anonymous_1)","decl":{"start":{"line":8,"column":4},"end":{"line":8,"column":5}},"loc":{"start":{"line":8,"column":23},"end":{"line":15,"column":5}},"line":8},"2":{"name":"(anonymous_2)","decl":{"start":{"line":17,"column":4},"end":{"line":17,"column":5}},"loc":{"start":{"line":17,"column":45},"end":{"line":20,"column":5}},"line":17},"3":{"name":"(anonymous_3)","decl":{"start":{"line":22,"column":4},"end":{"line":22,"column":5}},"loc":{"start":{"line":22,"column":60},"end":{"line":35,"column":5}},"line":22},"4":{"name":"(anonymous_4)","decl":{"start":{"line":37,"column":4},"end":{"line":37,"column":5}},"loc":{"start":{"line":37,"column":33},"end":{"line":39,"column":5}},"line":37},"5":{"name":"(anonymous_5)","decl":{"start":{"line":41,"column":4},"end":{"line":41,"column":5}},"loc":{"start":{"line":41,"column":45},"end":{"line":51,"column":5}},"line":41},"6":{"name":"(anonymous_6)","decl":{"start":{"line":53,"column":4},"end":{"line":53,"column":5}},"loc":{"start":{"line":53,"column":33},"end":{"line":55,"column":5}},"line":53},"7":{"name":"(anonymous_7)","decl":{"start":{"line":57,"column":4},"end":{"line":57,"column":5}},"loc":{"start":{"line":57,"column":52},"end":{"line":67,"column":5}},"line":57},"8":{"name":"(anonymous_8)","decl":{"start":{"line":69,"column":4},"end":{"line":69,"column":5}},"loc":{"start":{"line":69,"column":48},"end":{"line":71,"column":5}},"line":69},"9":{"name":"(anonymous_9)","decl":{"start":{"line":74,"column":4},"end":{"line":74,"column":5}},"loc":{"start":{"line":74,"column":61},"end":{"line":84,"column":5}},"line":74},"10":{"name":"(anonymous_10)","decl":{"start":{"line":87,"column":4},"end":{"line":87,"column":5}},"loc":{"start":{"line":87,"column":38},"end":{"line":89,"column":5}},"line":87}},"branchMap":{"0":{"loc":{"start":{"line":69,"column":35},"end":{"line":69,"column":46}},"type":"default-arg","locations":[{"start":{"line":69,"column":44},"end":{"line":69,"column":46}}],"line":69},"1":{"loc":{"start":{"line":74,"column":42},"end":{"line":74,"column":59}},"type":"default-arg","locations":[{"start":{"line":74,"column":57},"end":{"line":74,"column":59}}],"line":74}},"s":{"0":1,"1":0,"2":0,"3":0,"4":0,"5":0,"6":0,"7":0,"8":0,"9":0,"10":0,"11":0,"12":0,"13":1},"f":{"0":0,"1":0,"2":0,"3":0,"4":0,"5":0,"6":0,"7":0,"8":0,"9":0,"10":0},"b":{"0":[0],"1":[0]},"_coverageSchema":"1a1c01bbd47fc00a2c39e90264f33305004495a9","hash":"9546489c640920249ed80f6f95bfad1192d6e554"}
,"/home/kevin-ejiofor/Documents/cody Job/Mandalazz/src/recentView/data/models/RecentViewModel.js": {"path":"/home/kevin-ejiofor/Documents/cody Job/Mandalazz/src/recentView/data/models/RecentViewModel.js","statementMap":{"0":{"start":{"line":1,"column":17},"end":{"line":1,"column":36}},"1":{"start":{"line":3,"column":25},"end":{"line":30,"column":1}},"2":{"start":{"line":15,"column":31},"end":{"line":15,"column":63}},"3":{"start":{"line":32,"column":0},"end":{"line":32,"column":64}}},"fnMap":{"0":{"name":"(anonymous_0)","decl":{"start":{"line":15,"column":25},"end":{"line":15,"column":26}},"loc":{"start":{"line":15,"column":31},"end":{"line":15,"column":63}},"line":15}},"branchMap":{},"s":{"0":1,"1":1,"2":0,"3":1},"f":{"0":0},"b":{},"_coverageSchema":"1a1c01bbd47fc00a2c39e90264f33305004495a9","hash":"936d4024cd1dbb6af183288491216e5f4b18ed7a"}
,"/home/kevin-ejiofor/Documents/cody Job/Mandalazz/src/recentView/services/RecentViewService.js": {"path":"/home/kevin-ejiofor/Documents/cody Job/Mandalazz/src/recentView/services/RecentViewService.js","statementMap":{"0":{"start":{"line":1,"column":19},"end":{"line":1,"column":60}},"1":{"start":{"line":5,"column":8},"end":{"line":5,"column":66}},"2":{"start":{"line":5,"column":24},"end":{"line":5,"column":66}},"3":{"start":{"line":6,"column":8},"end":{"line":6,"column":94}},"4":{"start":{"line":6,"column":33},"end":{"line":6,"column":94}},"5":{"start":{"line":8,"column":25},"end":{"line":13,"column":9}},"6":{"start":{"line":15,"column":8},"end":{"line":15,"column":53}},"7":{"start":{"line":19,"column":8},"end":{"line":19,"column":94}},"8":{"start":{"line":19,"column":33},"end":{"line":19,"column":94}},"9":{"start":{"line":21,"column":23},"end":{"line":21,"column":56}},"10":{"start":{"line":23,"column":23},"end":{"line":26,"column":34}},"11":{"start":{"line":29,"column":8},"end":{"line":29,"column":22}},"12":{"start":{"line":33,"column":8},"end":{"line":33,"column":40}},"13":{"start":{"line":33,"column":33},"end":{"line":33,"column":40}},"14":{"start":{"line":35,"column":27},"end":{"line":35,"column":61}},"15":{"start":{"line":37,"column":8},"end":{"line":51,"column":9}},"16":{"start":{"line":38,"column":29},"end":{"line":41,"column":14}},"17":{"start":{"line":43,"column":12},"end":{"line":50,"column":13}},"18":{"start":{"line":44,"column":32},"end":{"line":48,"column":18}},"19":{"start":{"line":49,"column":16},"end":{"line":49,"column":37}},"20":{"start":{"line":53,"column":8},"end":{"line":53,"column":49}},"21":{"start":{"line":57,"column":0},"end":{"line":57,"column":41}}},"fnMap":{"0":{"name":"(anonymous_0)","decl":{"start":{"line":4,"column":4},"end":{"line":4,"column":5}},"loc":{"start":{"line":4,"column":71},"end":{"line":16,"column":5}},"line":4},"1":{"name":"(anonymous_1)","decl":{"start":{"line":18,"column":4},"end":{"line":18,"column":5}},"loc":{"start":{"line":18,"column":72},"end":{"line":30,"column":5}},"line":18},"2":{"name":"(anonymous_2)","decl":{"start":{"line":32,"column":4},"end":{"line":32,"column":5}},"loc":{"start":{"line":32,"column":57},"end":{"line":54,"column":5}},"line":32}},"branchMap":{"0":{"loc":{"start":{"line":4,"column":27},"end":{"line":4,"column":40}},"type":"default-arg","locations":[{"start":{"line":4,"column":36},"end":{"line":4,"column":40}}],"line":4},"1":{"loc":{"start":{"line":4,"column":42},"end":{"line":4,"column":56}},"type":"default-arg","locations":[{"start":{"line":4,"column":52},"end":{"line":4,"column":56}}],"line":4},"2":{"loc":{"start":{"line":5,"column":8},"end":{"line":5,"column":66}},"type":"if","locations":[{"start":{"line":5,"column":8},"end":{"line":5,"column":66}},{"start":{},"end":{}}],"line":5},"3":{"loc":{"start":{"line":6,"column":8},"end":{"line":6,"column":94}},"type":"if","locations":[{"start":{"line":6,"column":8},"end":{"line":6,"column":94}},{"start":{},"end":{}}],"line":6},"4":{"loc":{"start":{"line":6,"column":12},"end":{"line":6,"column":31}},"type":"binary-expr","locations":[{"start":{"line":6,"column":12},"end":{"line":6,"column":19}},{"start":{"line":6,"column":23},"end":{"line":6,"column":31}}],"line":6},"5":{"loc":{"start":{"line":18,"column":27},"end":{"line":18,"column":40}},"type":"default-arg","locations":[{"start":{"line":18,"column":36},"end":{"line":18,"column":40}}],"line":18},"6":{"loc":{"start":{"line":18,"column":42},"end":{"line":18,"column":56}},"type":"default-arg","locations":[{"start":{"line":18,"column":52},"end":{"line":18,"column":56}}],"line":18},"7":{"loc":{"start":{"line":18,"column":58},"end":{"line":18,"column":68}},"type":"default-arg","locations":[{"start":{"line":18,"column":66},"end":{"line":18,"column":68}}],"line":18},"8":{"loc":{"start":{"line":19,"column":8},"end":{"line":19,"column":94}},"type":"if","locations":[{"start":{"line":19,"column":8},"end":{"line":19,"column":94}},{"start":{},"end":{}}],"line":19},"9":{"loc":{"start":{"line":19,"column":12},"end":{"line":19,"column":31}},"type":"binary-expr","locations":[{"start":{"line":19,"column":12},"end":{"line":19,"column":19}},{"start":{"line":19,"column":23},"end":{"line":19,"column":31}}],"line":19},"10":{"loc":{"start":{"line":21,"column":23},"end":{"line":21,"column":56}},"type":"cond-expr","locations":[{"start":{"line":21,"column":32},"end":{"line":21,"column":42}},{"start":{"line":21,"column":45},"end":{"line":21,"column":56}}],"line":21},"11":{"loc":{"start":{"line":33,"column":8},"end":{"line":33,"column":40}},"type":"if","locations":[{"start":{"line":33,"column":8},"end":{"line":33,"column":40}},{"start":{},"end":{}}],"line":33},"12":{"loc":{"start":{"line":33,"column":12},"end":{"line":33,"column":31}},"type":"binary-expr","locations":[{"start":{"line":33,"column":12},"end":{"line":33,"column":20}},{"start":{"line":33,"column":24},"end":{"line":33,"column":31}}],"line":33},"13":{"loc":{"start":{"line":43,"column":12},"end":{"line":50,"column":13}},"type":"if","locations":[{"start":{"line":43,"column":12},"end":{"line":50,"column":13}},{"start":{},"end":{}}],"line":43}},"s":{"0":1,"1":0,"2":0,"3":0,"4":0,"5":0,"6":0,"7":0,"8":0,"9":0,"10":0,"11":0,"12":0,"13":0,"14":0,"15":0,"16":0,"17":0,"18":0,"19":0,"20":0,"21":1},"f":{"0":0,"1":0,"2":0},"b":{"0":[0],"1":[0],"2":[0,0],"3":[0,0],"4":[0,0],"5":[0],"6":[0],"7":[0],"8":[0,0],"9":[0,0],"10":[0,0],"11":[0,0],"12":[0,0],"13":[0,0]},"_coverageSchema":"1a1c01bbd47fc00a2c39e90264f33305004495a9","hash":"a363267926be2202b14cbce5426a10e86d467cf6"}
,"/home/kevin-ejiofor/Documents/cody Job/Mandalazz/src/user/data/models/userModel.js": {"path":"/home/kevin-ejiofor/Documents/cody Job/Mandalazz/src/user/data/models/userModel.js","statementMap":{"0":{"start":{"line":1,"column":17},"end":{"line":1,"column":36}},"1":{"start":{"line":2,"column":17},"end":{"line":2,"column":52}},"2":{"start":{"line":4,"column":19},"end":{"line":75,"column":24}},"3":{"start":{"line":77,"column":0},"end":{"line":77,"column":52}}},"fnMap":{},"branchMap":{},"s":{"0":2,"1":2,"2":2,"3":2},"f":{},"b":{},"_coverageSchema":"1a1c01bbd47fc00a2c39e90264f33305004495a9","hash":"f4c36d39674303c37ec3b454e1800d56ac038636"}
,"/home/kevin-ejiofor/Documents/cody Job/Mandalazz/src/user/data/repositories/UserRepository.js": {"path":"/home/kevin-ejiofor/Documents/cody Job/Mandalazz/src/user/data/repositories/UserRepository.js","statementMap":{"0":{"start":{"line":1,"column":17},"end":{"line":1,"column":36}},"1":{"start":{"line":2,"column":13},"end":{"line":2,"column":43}},"2":{"start":{"line":7,"column":24},"end":{"line":7,"column":74}},"3":{"start":{"line":8,"column":8},"end":{"line":8,"column":29}},"4":{"start":{"line":9,"column":8},"end":{"line":9,"column":23}},"5":{"start":{"line":13,"column":8},"end":{"line":13,"column":53}},"6":{"start":{"line":17,"column":21},"end":{"line":21,"column":29}},"7":{"start":{"line":23,"column":8},"end":{"line":23,"column":53}},"8":{"start":{"line":23,"column":19},"end":{"line":23,"column":53}},"9":{"start":{"line":24,"column":8},"end":{"line":24,"column":20}},"10":{"start":{"line":28,"column":21},"end":{"line":28,"column":48}},"11":{"start":{"line":29,"column":8},"end":{"line":29,"column":53}},"12":{"start":{"line":29,"column":19},"end":{"line":29,"column":53}},"13":{"start":{"line":31,"column":8},"end":{"line":31,"column":43}},"14":{"start":{"line":32,"column":8},"end":{"line":32,"column":26}},"15":{"start":{"line":36,"column":21},"end":{"line":36,"column":71}},"16":{"start":{"line":37,"column":8},"end":{"line":37,"column":53}},"17":{"start":{"line":37,"column":19},"end":{"line":37,"column":53}},"18":{"start":{"line":38,"column":8},"end":{"line":38,"column":33}},"19":{"start":{"line":42,"column":8},"end":{"line":42,"column":39}},"20":{"start":{"line":46,"column":22},"end":{"line":46,"column":31}},"21":{"start":{"line":47,"column":8},"end":{"line":49,"column":9}},"22":{"start":{"line":48,"column":12},"end":{"line":48,"column":47}},"23":{"start":{"line":50,"column":8},"end":{"line":50,"column":35}},"24":{"start":{"line":54,"column":0},"end":{"line":54,"column":38}}},"fnMap":{"0":{"name":"(anonymous_0)","decl":{"start":{"line":6,"column":4},"end":{"line":6,"column":5}},"loc":{"start":{"line":6,"column":59},"end":{"line":10,"column":5}},"line":6},"1":{"name":"(anonymous_1)","decl":{"start":{"line":12,"column":4},"end":{"line":12,"column":5}},"loc":{"start":{"line":12,"column":27},"end":{"line":14,"column":5}},"line":12},"2":{"name":"(anonymous_2)","decl":{"start":{"line":16,"column":4},"end":{"line":16,"column":5}},"loc":{"start":{"line":16,"column":48},"end":{"line":25,"column":5}},"line":16},"3":{"name":"(anonymous_3)","decl":{"start":{"line":27,"column":4},"end":{"line":27,"column":5}},"loc":{"start":{"line":27,"column":42},"end":{"line":33,"column":5}},"line":27},"4":{"name":"(anonymous_4)","decl":{"start":{"line":35,"column":4},"end":{"line":35,"column":5}},"loc":{"start":{"line":35,"column":38},"end":{"line":39,"column":5}},"line":35},"5":{"name":"(anonymous_5)","decl":{"start":{"line":41,"column":4},"end":{"line":41,"column":5}},"loc":{"start":{"line":41,"column":32},"end":{"line":43,"column":5}},"line":41},"6":{"name":"(anonymous_6)","decl":{"start":{"line":45,"column":4},"end":{"line":45,"column":5}},"loc":{"start":{"line":45,"column":56},"end":{"line":51,"column":5}},"line":45}},"branchMap":{"0":{"loc":{"start":{"line":23,"column":8},"end":{"line":23,"column":53}},"type":"if","locations":[{"start":{"line":23,"column":8},"end":{"line":23,"column":53}},{"start":{},"end":{}}],"line":23},"1":{"loc":{"start":{"line":29,"column":8},"end":{"line":29,"column":53}},"type":"if","locations":[{"start":{"line":29,"column":8},"end":{"line":29,"column":53}},{"start":{},"end":{}}],"line":29},"2":{"loc":{"start":{"line":37,"column":8},"end":{"line":37,"column":53}},"type":"if","locations":[{"start":{"line":37,"column":8},"end":{"line":37,"column":53}},{"start":{},"end":{}}],"line":37},"3":{"loc":{"start":{"line":45,"column":34},"end":{"line":45,"column":54}},"type":"default-arg","locations":[{"start":{"line":45,"column":50},"end":{"line":45,"column":54}}],"line":45},"4":{"loc":{"start":{"line":47,"column":8},"end":{"line":49,"column":9}},"type":"if","locations":[{"start":{"line":47,"column":8},"end":{"line":49,"column":9}},{"start":{},"end":{}}],"line":47}},"s":{"0":1,"1":1,"2":0,"3":0,"4":0,"5":0,"6":0,"7":0,"8":0,"9":0,"10":0,"11":0,"12":0,"13":0,"14":0,"15":0,"16":0,"17":0,"18":0,"19":0,"20":0,"21":0,"22":0,"23":0,"24":1},"f":{"0":0,"1":0,"2":0,"3":0,"4":0,"5":0,"6":0},"b":{"0":[0,0],"1":[0,0],"2":[0,0],"3":[0],"4":[0,0]},"_coverageSchema":"1a1c01bbd47fc00a2c39e90264f33305004495a9","hash":"63f2120510dad0eee4619e2153ebb12e2fab92d8"}
,"/home/kevin-ejiofor/Documents/cody Job/Mandalazz/src/user/services/UserService.js": {"path":"/home/kevin-ejiofor/Documents/cody Job/Mandalazz/src/user/services/UserService.js","statementMap":{"0":{"start":{"line":1,"column":15},"end":{"line":1,"column":34}},"1":{"start":{"line":2,"column":12},"end":{"line":2,"column":35}},"2":{"start":{"line":3,"column":23},"end":{"line":3,"column":69}},"3":{"start":{"line":4,"column":30},"end":{"line":4,"column":63}},"4":{"start":{"line":5,"column":22},"end":{"line":5,"column":57}},"5":{"start":{"line":6,"column":31},"end":{"line":6,"column":68}},"6":{"start":{"line":7,"column":20},"end":{"line":7,"column":62}},"7":{"start":{"line":8,"column":26},"end":{"line":8,"column":80}},"8":{"start":{"line":14,"column":21},"end":{"line":14,"column":63}},"9":{"start":{"line":15,"column":8},"end":{"line":17,"column":9}},"10":{"start":{"line":16,"column":12},"end":{"line":16,"column":57}},"11":{"start":{"line":19,"column":8},"end":{"line":22,"column":9}},"12":{"start":{"line":21,"column":12},"end":{"line":21,"column":64}},"13":{"start":{"line":24,"column":8},"end":{"line":24,"column":101}},"14":{"start":{"line":28,"column":8},"end":{"line":28,"column":39}},"15":{"start":{"line":29,"column":31},"end":{"line":29,"column":62}},"16":{"start":{"line":30,"column":34},"end":{"line":30,"column":54}},"17":{"start":{"line":32,"column":24},"end":{"line":32,"column":99}},"18":{"start":{"line":33,"column":8},"end":{"line":33,"column":59}},"19":{"start":{"line":34,"column":8},"end":{"line":34,"column":70}},"20":{"start":{"line":35,"column":8},"end":{"line":35,"column":29}},"21":{"start":{"line":37,"column":24},"end":{"line":37,"column":49}},"22":{"start":{"line":38,"column":21},"end":{"line":38,"column":129}},"23":{"start":{"line":40,"column":8},"end":{"line":40,"column":46}},"24":{"start":{"line":41,"column":8},"end":{"line":41,"column":23}},"25":{"start":{"line":45,"column":21},"end":{"line":45,"column":63}},"26":{"start":{"line":46,"column":8},"end":{"line":46,"column":78}},"27":{"start":{"line":46,"column":41},"end":{"line":46,"column":78}},"28":{"start":{"line":47,"column":8},"end":{"line":49,"column":9}},"29":{"start":{"line":48,"column":12},"end":{"line":48,"column":69}},"30":{"start":{"line":51,"column":8},"end":{"line":51,"column":34}},"31":{"start":{"line":52,"column":8},"end":{"line":52,"column":43}},"32":{"start":{"line":53,"column":8},"end":{"line":53,"column":44}},"33":{"start":{"line":54,"column":8},"end":{"line":54,"column":26}},"34":{"start":{"line":56,"column":8},"end":{"line":56,"column":20}},"35":{"start":{"line":60,"column":21},"end":{"line":60,"column":63}},"36":{"start":{"line":61,"column":8},"end":{"line":61,"column":78}},"37":{"start":{"line":61,"column":41},"end":{"line":61,"column":78}},"38":{"start":{"line":63,"column":22},"end":{"line":63,"column":42}},"39":{"start":{"line":64,"column":8},"end":{"line":64,"column":44}},"40":{"start":{"line":65,"column":8},"end":{"line":65,"column":67}},"41":{"start":{"line":66,"column":8},"end":{"line":66,"column":26}},"42":{"start":{"line":68,"column":24},"end":{"line":68,"column":44}},"43":{"start":{"line":69,"column":21},"end":{"line":69,"column":114}},"44":{"start":{"line":71,"column":8},"end":{"line":71,"column":46}},"45":{"start":{"line":72,"column":8},"end":{"line":72,"column":20}},"46":{"start":{"line":76,"column":21},"end":{"line":76,"column":62}},"47":{"start":{"line":77,"column":8},"end":{"line":77,"column":53}},"48":{"start":{"line":77,"column":19},"end":{"line":77,"column":53}},"49":{"start":{"line":79,"column":8},"end":{"line":82,"column":10}},"50":{"start":{"line":86,"column":21},"end":{"line":86,"column":63}},"51":{"start":{"line":87,"column":8},"end":{"line":87,"column":68}},"52":{"start":{"line":87,"column":19},"end":{"line":87,"column":68}},"53":{"start":{"line":89,"column":25},"end":{"line":89,"column":45}},"54":{"start":{"line":90,"column":8},"end":{"line":90,"column":41}},"55":{"start":{"line":91,"column":8},"end":{"line":91,"column":63}},"56":{"start":{"line":92,"column":8},"end":{"line":92,"column":26}},"57":{"start":{"line":94,"column":24},"end":{"line":94,"column":44}},"58":{"start":{"line":95,"column":21},"end":{"line":95,"column":108}},"59":{"start":{"line":97,"column":8},"end":{"line":97,"column":46}},"60":{"start":{"line":98,"column":8},"end":{"line":98,"column":24}},"61":{"start":{"line":102,"column":21},"end":{"line":102,"column":63}},"62":{"start":{"line":103,"column":8},"end":{"line":105,"column":9}},"63":{"start":{"line":104,"column":12},"end":{"line":104,"column":62}},"64":{"start":{"line":107,"column":8},"end":{"line":107,"column":20}},"65":{"start":{"line":111,"column":21},"end":{"line":111,"column":63}},"66":{"start":{"line":112,"column":8},"end":{"line":114,"column":9}},"67":{"start":{"line":113,"column":12},"end":{"line":113,"column":62}},"68":{"start":{"line":116,"column":8},"end":{"line":116,"column":59}},"69":{"start":{"line":117,"column":8},"end":{"line":117,"column":42}},"70":{"start":{"line":118,"column":8},"end":{"line":118,"column":45}},"71":{"start":{"line":119,"column":8},"end":{"line":119,"column":26}},"72":{"start":{"line":121,"column":8},"end":{"line":121,"column":20}},"73":{"start":{"line":127,"column":8},"end":{"line":137,"column":9}},"74":{"start":{"line":128,"column":12},"end":{"line":133,"column":13}},"75":{"start":{"line":130,"column":16},"end":{"line":130,"column":78}},"76":{"start":{"line":131,"column":16},"end":{"line":131,"column":87}},"77":{"start":{"line":135,"column":12},"end":{"line":135,"column":85}},"78":{"start":{"line":141,"column":8},"end":{"line":141,"column":58}},"79":{"start":{"line":145,"column":8},"end":{"line":145,"column":68}},"80":{"start":{"line":149,"column":8},"end":{"line":149,"column":64}},"81":{"start":{"line":155,"column":77},"end":{"line":155,"column":87}},"82":{"start":{"line":158,"column":31},"end":{"line":158,"column":33}},"83":{"start":{"line":160,"column":8},"end":{"line":162,"column":9}},"84":{"start":{"line":161,"column":12},"end":{"line":161,"column":56}},"85":{"start":{"line":164,"column":8},"end":{"line":166,"column":9}},"86":{"start":{"line":165,"column":12},"end":{"line":165,"column":54}},"87":{"start":{"line":168,"column":8},"end":{"line":177,"column":9}},"88":{"start":{"line":170,"column":33},"end":{"line":170,"column":92}},"89":{"start":{"line":171,"column":12},"end":{"line":173,"column":13}},"90":{"start":{"line":172,"column":16},"end":{"line":172,"column":56}},"91":{"start":{"line":174,"column":12},"end":{"line":174,"column":48}},"92":{"start":{"line":176,"column":12},"end":{"line":176,"column":49}},"93":{"start":{"line":179,"column":8},"end":{"line":181,"column":9}},"94":{"start":{"line":180,"column":12},"end":{"line":180,"column":81}},"95":{"start":{"line":183,"column":8},"end":{"line":185,"column":9}},"96":{"start":{"line":184,"column":12},"end":{"line":184,"column":93}},"97":{"start":{"line":188,"column":8},"end":{"line":190,"column":9}},"98":{"start":{"line":189,"column":12},"end":{"line":189,"column":67}},"99":{"start":{"line":192,"column":28},"end":{"line":192,"column":90}},"100":{"start":{"line":195,"column":8},"end":{"line":195,"column":72}},"101":{"start":{"line":197,"column":8},"end":{"line":197,"column":27}},"102":{"start":{"line":201,"column":21},"end":{"line":201,"column":62}},"103":{"start":{"line":202,"column":8},"end":{"line":202,"column":53}},"104":{"start":{"line":202,"column":19},"end":{"line":202,"column":53}},"105":{"start":{"line":203,"column":8},"end":{"line":203,"column":20}},"106":{"start":{"line":206,"column":21},"end":{"line":206,"column":62}},"107":{"start":{"line":207,"column":8},"end":{"line":207,"column":53}},"108":{"start":{"line":207,"column":19},"end":{"line":207,"column":53}},"109":{"start":{"line":210,"column":8},"end":{"line":219,"column":10}},"110":{"start":{"line":223,"column":0},"end":{"line":223,"column":29}}},"fnMap":{"0":{"name":"(anonymous_0)","decl":{"start":{"line":12,"column":4},"end":{"line":12,"column":5}},"loc":{"start":{"line":12,"column":60},"end":{"line":25,"column":5}},"line":12},"1":{"name":"(anonymous_1)","decl":{"start":{"line":27,"column":4},"end":{"line":27,"column":5}},"loc":{"start":{"line":27,"column":73},"end":{"line":42,"column":5}},"line":27},"2":{"name":"(anonymous_2)","decl":{"start":{"line":44,"column":4},"end":{"line":44,"column":5}},"loc":{"start":{"line":44,"column":43},"end":{"line":57,"column":5}},"line":44},"3":{"name":"(anonymous_3)","decl":{"start":{"line":59,"column":4},"end":{"line":59,"column":5}},"loc":{"start":{"line":59,"column":48},"end":{"line":73,"column":5}},"line":59},"4":{"name":"(anonymous_4)","decl":{"start":{"line":75,"column":4},"end":{"line":75,"column":5}},"loc":{"start":{"line":75,"column":54},"end":{"line":83,"column":5}},"line":75},"5":{"name":"(anonymous_5)","decl":{"start":{"line":85,"column":4},"end":{"line":85,"column":5}},"loc":{"start":{"line":85,"column":39},"end":{"line":99,"column":5}},"line":85},"6":{"name":"(anonymous_6)","decl":{"start":{"line":101,"column":4},"end":{"line":101,"column":5}},"loc":{"start":{"line":101,"column":50},"end":{"line":108,"column":5}},"line":101},"7":{"name":"(anonymous_7)","decl":{"start":{"line":110,"column":4},"end":{"line":110,"column":5}},"loc":{"start":{"line":110,"column":58},"end":{"line":122,"column":5}},"line":110},"8":{"name":"(anonymous_8)","decl":{"start":{"line":124,"column":4},"end":{"line":124,"column":5}},"loc":{"start":{"line":124,"column":56},"end":{"line":138,"column":5}},"line":124},"9":{"name":"(anonymous_9)","decl":{"start":{"line":140,"column":4},"end":{"line":140,"column":5}},"loc":{"start":{"line":140,"column":39},"end":{"line":142,"column":5}},"line":140},"10":{"name":"(anonymous_10)","decl":{"start":{"line":144,"column":4},"end":{"line":144,"column":5}},"loc":{"start":{"line":144,"column":49},"end":{"line":146,"column":5}},"line":144},"11":{"name":"(anonymous_11)","decl":{"start":{"line":148,"column":4},"end":{"line":148,"column":5}},"loc":{"start":{"line":148,"column":45},"end":{"line":150,"column":5}},"line":148},"12":{"name":"(anonymous_12)","decl":{"start":{"line":154,"column":4},"end":{"line":154,"column":5}},"loc":{"start":{"line":154,"column":55},"end":{"line":198,"column":5}},"line":154},"13":{"name":"(anonymous_13)","decl":{"start":{"line":200,"column":4},"end":{"line":200,"column":5}},"loc":{"start":{"line":200,"column":40},"end":{"line":204,"column":5}},"line":200},"14":{"name":"(anonymous_14)","decl":{"start":{"line":205,"column":4},"end":{"line":205,"column":5}},"loc":{"start":{"line":205,"column":47},"end":{"line":220,"column":5}},"line":205}},"branchMap":{"0":{"loc":{"start":{"line":15,"column":8},"end":{"line":17,"column":9}},"type":"if","locations":[{"start":{"line":15,"column":8},"end":{"line":17,"column":9}},{"start":{},"end":{}}],"line":15},"1":{"loc":{"start":{"line":15,"column":12},"end":{"line":15,"column":69}},"type":"binary-expr","locations":[{"start":{"line":15,"column":12},"end":{"line":15,"column":17}},{"start":{"line":15,"column":21},"end":{"line":15,"column":69}}],"line":15},"2":{"loc":{"start":{"line":19,"column":8},"end":{"line":22,"column":9}},"type":"if","locations":[{"start":{"line":19,"column":8},"end":{"line":22,"column":9}},{"start":{},"end":{}}],"line":19},"3":{"loc":{"start":{"line":46,"column":8},"end":{"line":46,"column":78}},"type":"if","locations":[{"start":{"line":46,"column":8},"end":{"line":46,"column":78}},{"start":{},"end":{}}],"line":46},"4":{"loc":{"start":{"line":46,"column":12},"end":{"line":46,"column":39}},"type":"binary-expr","locations":[{"start":{"line":46,"column":12},"end":{"line":46,"column":17}},{"start":{"line":46,"column":21},"end":{"line":46,"column":39}}],"line":46},"5":{"loc":{"start":{"line":47,"column":8},"end":{"line":49,"column":9}},"type":"if","locations":[{"start":{"line":47,"column":8},"end":{"line":49,"column":9}},{"start":{},"end":{}}],"line":47},"6":{"loc":{"start":{"line":47,"column":12},"end":{"line":47,"column":94}},"type":"binary-expr","locations":[{"start":{"line":47,"column":12},"end":{"line":47,"column":49}},{"start":{"line":47,"column":53},"end":{"line":47,"column":94}}],"line":47},"7":{"loc":{"start":{"line":61,"column":8},"end":{"line":61,"column":78}},"type":"if","locations":[{"start":{"line":61,"column":8},"end":{"line":61,"column":78}},{"start":{},"end":{}}],"line":61},"8":{"loc":{"start":{"line":61,"column":12},"end":{"line":61,"column":39}},"type":"binary-expr","locations":[{"start":{"line":61,"column":12},"end":{"line":61,"column":17}},{"start":{"line":61,"column":21},"end":{"line":61,"column":39}}],"line":61},"9":{"loc":{"start":{"line":77,"column":8},"end":{"line":77,"column":53}},"type":"if","locations":[{"start":{"line":77,"column":8},"end":{"line":77,"column":53}},{"start":{},"end":{}}],"line":77},"10":{"loc":{"start":{"line":87,"column":8},"end":{"line":87,"column":68}},"type":"if","locations":[{"start":{"line":87,"column":8},"end":{"line":87,"column":68}},{"start":{},"end":{}}],"line":87},"11":{"loc":{"start":{"line":103,"column":8},"end":{"line":105,"column":9}},"type":"if","locations":[{"start":{"line":103,"column":8},"end":{"line":105,"column":9}},{"start":{},"end":{}}],"line":103},"12":{"loc":{"start":{"line":103,"column":12},"end":{"line":103,"column":93}},"type":"binary-expr","locations":[{"start":{"line":103,"column":12},"end":{"line":103,"column":17}},{"start":{"line":103,"column":21},"end":{"line":103,"column":52}},{"start":{"line":103,"column":56},"end":{"line":103,"column":93}}],"line":103},"13":{"loc":{"start":{"line":112,"column":8},"end":{"line":114,"column":9}},"type":"if","locations":[{"start":{"line":112,"column":8},"end":{"line":114,"column":9}},{"start":{},"end":{}}],"line":112},"14":{"loc":{"start":{"line":112,"column":12},"end":{"line":112,"column":93}},"type":"binary-expr","locations":[{"start":{"line":112,"column":12},"end":{"line":112,"column":17}},{"start":{"line":112,"column":21},"end":{"line":112,"column":52}},{"start":{"line":112,"column":56},"end":{"line":112,"column":93}}],"line":112},"15":{"loc":{"start":{"line":128,"column":12},"end":{"line":133,"column":13}},"type":"if","locations":[{"start":{"line":128,"column":12},"end":{"line":133,"column":13}},{"start":{},"end":{}}],"line":128},"16":{"loc":{"start":{"line":160,"column":8},"end":{"line":162,"column":9}},"type":"if","locations":[{"start":{"line":160,"column":8},"end":{"line":162,"column":9}},{"start":{},"end":{}}],"line":160},"17":{"loc":{"start":{"line":160,"column":12},"end":{"line":160,"column":55}},"type":"binary-expr","locations":[{"start":{"line":160,"column":12},"end":{"line":160,"column":35}},{"start":{"line":160,"column":39},"end":{"line":160,"column":55}}],"line":160},"18":{"loc":{"start":{"line":164,"column":8},"end":{"line":166,"column":9}},"type":"if","locations":[{"start":{"line":164,"column":8},"end":{"line":166,"column":9}},{"start":{},"end":{}}],"line":164},"19":{"loc":{"start":{"line":164,"column":12},"end":{"line":164,"column":53}},"type":"binary-expr","locations":[{"start":{"line":164,"column":12},"end":{"line":164,"column":34}},{"start":{"line":164,"column":38},"end":{"line":164,"column":53}}],"line":164},"20":{"loc":{"start":{"line":168,"column":8},"end":{"line":177,"column":9}},"type":"if","locations":[{"start":{"line":168,"column":8},"end":{"line":177,"column":9}},{"start":{},"end":{}}],"line":168},"21":{"loc":{"start":{"line":168,"column":12},"end":{"line":168,"column":47}},"type":"binary-expr","locations":[{"start":{"line":168,"column":12},"end":{"line":168,"column":31}},{"start":{"line":168,"column":35},"end":{"line":168,"column":47}}],"line":168},"22":{"loc":{"start":{"line":171,"column":12},"end":{"line":173,"column":13}},"type":"if","locations":[{"start":{"line":171,"column":12},"end":{"line":173,"column":13}},{"start":{},"end":{}}],"line":171},"23":{"loc":{"start":{"line":179,"column":8},"end":{"line":181,"column":9}},"type":"if","locations":[{"start":{"line":179,"column":8},"end":{"line":181,"column":9}},{"start":{},"end":{}}],"line":179},"24":{"loc":{"start":{"line":180,"column":41},"end":{"line":180,"column":80}},"type":"cond-expr","locations":[{"start":{"line":180,"column":55},"end":{"line":180,"column":73}},{"start":{"line":180,"column":76},"end":{"line":180,"column":80}}],"line":180},"25":{"loc":{"start":{"line":183,"column":8},"end":{"line":185,"column":9}},"type":"if","locations":[{"start":{"line":183,"column":8},"end":{"line":185,"column":9}},{"start":{},"end":{}}],"line":183},"26":{"loc":{"start":{"line":184,"column":45},"end":{"line":184,"column":92}},"type":"cond-expr","locations":[{"start":{"line":184,"column":63},"end":{"line":184,"column":85}},{"start":{"line":184,"column":88},"end":{"line":184,"column":92}}],"line":184},"27":{"loc":{"start":{"line":188,"column":8},"end":{"line":190,"column":9}},"type":"if","locations":[{"start":{"line":188,"column":8},"end":{"line":190,"column":9}},{"start":{},"end":{}}],"line":188},"28":{"loc":{"start":{"line":202,"column":8},"end":{"line":202,"column":53}},"type":"if","locations":[{"start":{"line":202,"column":8},"end":{"line":202,"column":53}},{"start":{},"end":{}}],"line":202},"29":{"loc":{"start":{"line":207,"column":8},"end":{"line":207,"column":53}},"type":"if","locations":[{"start":{"line":207,"column":8},"end":{"line":207,"column":53}},{"start":{},"end":{}}],"line":207},"30":{"loc":{"start":{"line":214,"column":25},"end":{"line":214,"column":49}},"type":"binary-expr","locations":[{"start":{"line":214,"column":25},"end":{"line":214,"column":41}},{"start":{"line":214,"column":45},"end":{"line":214,"column":49}}],"line":214},"31":{"loc":{"start":{"line":215,"column":29},"end":{"line":215,"column":57}},"type":"binary-expr","locations":[{"start":{"line":215,"column":29},"end":{"line":215,"column":49}},{"start":{"line":215,"column":53},"end":{"line":215,"column":57}}],"line":215}},"s":{"0":1,"1":1,"2":1,"3":1,"4":1,"5":1,"6":1,"7":1,"8":4,"9":4,"10":2,"11":2,"12":1,"13":2,"14":2,"15":1,"16":1,"17":1,"18":1,"19":1,"20":1,"21":1,"22":1,"23":1,"24":1,"25":5,"26":5,"27":4,"28":1,"29":0,"30":1,"31":1,"32":1,"33":1,"34":1,"35":3,"36":3,"37":2,"38":1,"39":1,"40":1,"41":1,"42":1,"43":1,"44":1,"45":1,"46":2,"47":2,"48":1,"49":1,"50":2,"51":2,"52":1,"53":1,"54":1,"55":1,"56":1,"57":1,"58":1,"59":1,"60":1,"61":4,"62":4,"63":3,"64":1,"65":3,"66":3,"67":2,"68":1,"69":1,"70":1,"71":1,"72":1,"73":0,"74":0,"75":0,"76":0,"77":0,"78":1,"79":1,"80":1,"81":5,"82":5,"83":5,"84":2,"85":5,"86":2,"87":5,"88":2,"89":2,"90":1,"91":1,"92":1,"93":4,"94":3,"95":4,"96":2,"97":4,"98":1,"99":3,"100":3,"101":3,"102":2,"103":2,"104":1,"105":1,"106":3,"107":3,"108":1,"109":2,"110":1},"f":{"0":4,"1":2,"2":5,"3":3,"4":2,"5":2,"6":4,"7":3,"8":0,"9":1,"10":1,"11":1,"12":5,"13":2,"14":3},"b":{"0":[2,2],"1":[4,3],"2":[1,1],"3":[4,1],"4":[5,4],"5":[0,1],"6":[1,1],"7":[2,1],"8":[3,2],"9":[1,1],"10":[1,1],"11":[3,1],"12":[4,3,2],"13":[2,1],"14":[3,2,1],"15":[0,0],"16":[2,3],"17":[5,3],"18":[2,3],"19":[5,2],"20":[2,3],"21":[5,2],"22":[1,1],"23":[3,1],"24":[2,1],"25":[2,2],"26":[1,1],"27":[1,3],"28":[1,1],"29":[1,2],"30":[2,1],"31":[2,1]},"_coverageSchema":"1a1c01bbd47fc00a2c39e90264f33305004495a9","hash":"a26d2e5c45a5db01327b5a9921f9f81b1a13f643"}
,"/home/kevin-ejiofor/Documents/cody Job/Mandalazz/src/utils/cartHelper.js": {"path":"/home/kevin-ejiofor/Documents/cody Job/Mandalazz/src/utils/cartHelper.js","statementMap":{"0":{"start":{"line":1,"column":16},"end":{"line":1,"column":62}},"1":{"start":{"line":3,"column":0},"end":{"line":7,"column":2}},"2":{"start":{"line":4,"column":20},"end":{"line":4,"column":53}},"3":{"start":{"line":5,"column":4},"end":{"line":5,"column":55}},"4":{"start":{"line":5,"column":18},"end":{"line":5,"column":55}},"5":{"start":{"line":6,"column":4},"end":{"line":6,"column":19}},"6":{"start":{"line":9,"column":0},"end":{"line":17,"column":2}},"7":{"start":{"line":10,"column":16},"end":{"line":10,"column":17}},"8":{"start":{"line":11,"column":4},"end":{"line":15,"column":5}},"9":{"start":{"line":12,"column":24},"end":{"line":12,"column":60}},"10":{"start":{"line":13,"column":8},"end":{"line":13,"column":83}},"11":{"start":{"line":13,"column":22},"end":{"line":13,"column":83}},"12":{"start":{"line":14,"column":8},"end":{"line":14,"column":47}},"13":{"start":{"line":16,"column":4},"end":{"line":16,"column":17}}},"fnMap":{"0":{"name":"(anonymous_0)","decl":{"start":{"line":3,"column":33},"end":{"line":3,"column":34}},"loc":{"start":{"line":3,"column":54},"end":{"line":7,"column":1}},"line":3},"1":{"name":"(anonymous_1)","decl":{"start":{"line":9,"column":38},"end":{"line":9,"column":39}},"loc":{"start":{"line":9,"column":55},"end":{"line":17,"column":1}},"line":9}},"branchMap":{"0":{"loc":{"start":{"line":5,"column":4},"end":{"line":5,"column":55}},"type":"if","locations":[{"start":{"line":5,"column":4},"end":{"line":5,"column":55}},{"start":{},"end":{}}],"line":5},"1":{"loc":{"start":{"line":13,"column":8},"end":{"line":13,"column":83}},"type":"if","locations":[{"start":{"line":13,"column":8},"end":{"line":13,"column":83}},{"start":{},"end":{}}],"line":13}},"s":{"0":1,"1":1,"2":0,"3":0,"4":0,"5":0,"6":1,"7":0,"8":0,"9":0,"10":0,"11":0,"12":0,"13":0},"f":{"0":0,"1":0},"b":{"0":[0,0],"1":[0,0]},"_coverageSchema":"1a1c01bbd47fc00a2c39e90264f33305004495a9","hash":"2c4263262542eae2467d3182f1bc4454d67199a0"}
,"/home/kevin-ejiofor/Documents/cody Job/Mandalazz/src/utils/emailHandler.js": {"path":"/home/kevin-ejiofor/Documents/cody Job/Mandalazz/src/utils/emailHandler.js","statementMap":{"0":{"start":{"line":1,"column":19},"end":{"line":1,"column":40}},"1":{"start":{"line":2,"column":35},"end":{"line":2,"column":46}},"2":{"start":{"line":4,"column":20},"end":{"line":10,"column":2}},"3":{"start":{"line":12,"column":18},"end":{"line":24,"column":1}},"4":{"start":{"line":13,"column":4},"end":{"line":23,"column":5}},"5":{"start":{"line":14,"column":8},"end":{"line":19,"column":11}},"6":{"start":{"line":21,"column":8},"end":{"line":21,"column":53}},"7":{"start":{"line":22,"column":8},"end":{"line":22,"column":48}},"8":{"start":{"line":25,"column":26},"end":{"line":37,"column":1}},"9":{"start":{"line":26,"column":4},"end":{"line":36,"column":5}},"10":{"start":{"line":27,"column":8},"end":{"line":32,"column":11}},"11":{"start":{"line":34,"column":8},"end":{"line":34,"column":53}},"12":{"start":{"line":35,"column":8},"end":{"line":35,"column":48}},"13":{"start":{"line":39,"column":0},"end":{"line":39,"column":50}}},"fnMap":{"0":{"name":"(anonymous_0)","decl":{"start":{"line":12,"column":18},"end":{"line":12,"column":19}},"loc":{"start":{"line":12,"column":47},"end":{"line":24,"column":1}},"line":12},"1":{"name":"(anonymous_1)","decl":{"start":{"line":25,"column":26},"end":{"line":25,"column":27}},"loc":{"start":{"line":25,"column":55},"end":{"line":37,"column":1}},"line":25}},"branchMap":{},"s":{"0":1,"1":1,"2":1,"3":1,"4":0,"5":0,"6":0,"7":0,"8":1,"9":0,"10":0,"11":0,"12":0,"13":1},"f":{"0":0,"1":0},"b":{},"_coverageSchema":"1a1c01bbd47fc00a2c39e90264f33305004495a9","hash":"0b1b43e87f4e730afc37859f3cb428fbd6fbb384"}
,"/home/kevin-ejiofor/Documents/cody Job/Mandalazz/src/utils/tokenGenerator.js": {"path":"/home/kevin-ejiofor/Documents/cody Job/Mandalazz/src/utils/tokenGenerator.js","statementMap":{"0":{"start":{"line":2,"column":27},"end":{"line":4,"column":1}},"1":{"start":{"line":3,"column":4},"end":{"line":3,"column":66}},"2":{"start":{"line":6,"column":0},"end":{"line":6,"column":40}}},"fnMap":{"0":{"name":"(anonymous_0)","decl":{"start":{"line":2,"column":27},"end":{"line":2,"column":28}},"loc":{"start":{"line":2,"column":33},"end":{"line":4,"column":1}},"line":2}},"branchMap":{},"s":{"0":1,"1":0,"2":1},"f":{"0":0},"b":{},"_coverageSchema":"1a1c01bbd47fc00a2c39e90264f33305004495a9","hash":"ceca6fed5b996dd745239309ca353d4e5ac58e6e"}
,"/home/kevin-ejiofor/Documents/cody Job/Mandalazz/src/utils/validation.js": {"path":"/home/kevin-ejiofor/Documents/cody Job/Mandalazz/src/utils/validation.js","statementMap":{"0":{"start":{"line":1,"column":46},"end":{"line":1,"column":99}},"1":{"start":{"line":2,"column":13},"end":{"line":2,"column":53}},"2":{"start":{"line":5,"column":27},"end":{"line":18,"column":1}},"3":{"start":{"line":6,"column":56},"end":{"line":9,"column":6}},"4":{"start":{"line":11,"column":4},"end":{"line":13,"column":5}},"5":{"start":{"line":12,"column":8},"end":{"line":12,"column":84}},"6":{"start":{"line":15,"column":4},"end":{"line":17,"column":5}},"7":{"start":{"line":16,"column":8},"end":{"line":16,"column":90}},"8":{"start":{"line":21,"column":26},"end":{"line":27,"column":1}},"9":{"start":{"line":22,"column":25},"end":{"line":22,"column":54}},"10":{"start":{"line":24,"column":4},"end":{"line":26,"column":5}},"11":{"start":{"line":25,"column":8},"end":{"line":25,"column":51}},"12":{"start":{"line":29,"column":0},"end":{"line":29,"column":59}}},"fnMap":{"0":{"name":"(anonymous_0)","decl":{"start":{"line":5,"column":27},"end":{"line":5,"column":28}},"loc":{"start":{"line":5,"column":50},"end":{"line":18,"column":1}},"line":5},"1":{"name":"(anonymous_1)","decl":{"start":{"line":21,"column":26},"end":{"line":21,"column":27}},"loc":{"start":{"line":21,"column":43},"end":{"line":27,"column":1}},"line":21}},"branchMap":{"0":{"loc":{"start":{"line":11,"column":4},"end":{"line":13,"column":5}},"type":"if","locations":[{"start":{"line":11,"column":4},"end":{"line":13,"column":5}},{"start":{},"end":{}}],"line":11},"1":{"loc":{"start":{"line":15,"column":4},"end":{"line":17,"column":5}},"type":"if","locations":[{"start":{"line":15,"column":4},"end":{"line":17,"column":5}},{"start":{},"end":{}}],"line":15},"2":{"loc":{"start":{"line":24,"column":4},"end":{"line":26,"column":5}},"type":"if","locations":[{"start":{"line":24,"column":4},"end":{"line":26,"column":5}},{"start":{},"end":{}}],"line":24}},"s":{"0":1,"1":1,"2":1,"3":0,"4":0,"5":0,"6":0,"7":0,"8":1,"9":0,"10":0,"11":0,"12":1},"f":{"0":0,"1":0},"b":{"0":[0,0],"1":[0,0],"2":[0,0]},"_coverageSchema":"1a1c01bbd47fc00a2c39e90264f33305004495a9","hash":"312d1ed2fd1a1460c90b73a20a5469345266af2f"}
}
