TN:
SF:src/admin/data/models/adminModel.js
FNF:0
FNH:0
DA:1,1
DA:2,1
DA:4,1
DA:41,1
LF:4
LH:4
BRF:0
BRH:0
end_of_record
TN:
SF:src/admin/data/repositories/adminRepository.js
FN:5,(anonymous_0)
FN:9,(anonymous_1)
FN:13,(anonymous_2)
FNF:3
FNH:0
FNDA:0,(anonymous_0)
FNDA:0,(anonymous_1)
FNDA:0,(anonymous_2)
DA:1,1
DA:2,1
DA:5,1
DA:6,0
DA:9,1
DA:10,0
DA:13,1
DA:14,0
DA:15,0
DA:16,0
DA:19,1
LF:11
LH:6
BRF:0
BRH:0
end_of_record
TN:
SF:src/cart/data/models/cartModel.js
FN:15,(anonymous_0)
FNF:1
FNH:0
FNDA:0,(anonymous_0)
DA:1,1
DA:2,1
DA:4,1
DA:15,0
DA:46,1
LF:5
LH:4
BRF:0
BRH:0
end_of_record
TN:
SF:src/cart/data/repositories/CartRepository.js
FN:4,(anonymous_0)
FN:8,(anonymous_1)
FN:12,(anonymous_2)
FN:16,(anonymous_3)
FN:20,(anonymous_4)
FN:24,(anonymous_5)
FN:28,(anonymous_6)
FN:33,(anonymous_7)
FN:43,(anonymous_8)
FNF:9
FNH:0
FNDA:0,(anonymous_0)
FNDA:0,(anonymous_1)
FNDA:0,(anonymous_2)
FNDA:0,(anonymous_3)
FNDA:0,(anonymous_4)
FNDA:0,(anonymous_5)
FNDA:0,(anonymous_6)
FNDA:0,(anonymous_7)
FNDA:0,(anonymous_8)
DA:1,1
DA:5,0
DA:9,0
DA:13,0
DA:17,0
DA:21,0
DA:25,0
DA:29,0
DA:34,0
DA:35,0
DA:36,0
DA:37,0
DA:39,0
DA:44,0
DA:45,0
DA:46,0
DA:47,0
DA:49,0
DA:53,1
LF:19
LH:2
BRDA:12,0,0,0
BRDA:12,1,0,0
BRDA:34,2,0,0
BRDA:34,2,1,0
BRDA:36,3,0,0
BRDA:36,3,1,0
BRDA:44,4,0,0
BRDA:44,4,1,0
BRDA:46,5,0,0
BRDA:46,5,1,0
BRF:10
BRH:0
end_of_record
TN:
SF:src/cart/services/CartService.js
FN:6,(anonymous_0)
FN:23,(anonymous_1)
FN:35,(anonymous_2)
FN:42,(anonymous_3)
FN:46,(anonymous_4)
FN:56,(anonymous_5)
FN:63,(anonymous_6)
FN:69,(anonymous_7)
FN:82,(anonymous_8)
FN:97,(anonymous_9)
FN:128,(anonymous_10)
FN:133,(anonymous_11)
FN:140,(anonymous_12)
FN:153,(anonymous_13)
FN:165,(anonymous_14)
FN:167,(anonymous_15)
FNF:16
FNH:0
FNDA:0,(anonymous_0)
FNDA:0,(anonymous_1)
FNDA:0,(anonymous_2)
FNDA:0,(anonymous_3)
FNDA:0,(anonymous_4)
FNDA:0,(anonymous_5)
FNDA:0,(anonymous_6)
FNDA:0,(anonymous_7)
FNDA:0,(anonymous_8)
FNDA:0,(anonymous_9)
FNDA:0,(anonymous_10)
FNDA:0,(anonymous_11)
FNDA:0,(anonymous_12)
FNDA:0,(anonymous_13)
FNDA:0,(anonymous_14)
FNDA:0,(anonymous_15)
DA:1,1
DA:2,1
DA:3,1
DA:7,0
DA:14,0
DA:15,0
DA:17,0
DA:18,0
DA:20,0
DA:26,0
DA:27,0
DA:28,0
DA:29,0
DA:32,0
DA:36,0
DA:40,0
DA:42,0
DA:43,0
DA:45,0
DA:46,0
DA:48,0
DA:51,0
DA:52,0
DA:53,0
DA:57,0
DA:61,0
DA:63,0
DA:64,0
DA:65,0
DA:66,0
DA:70,0
DA:74,0
DA:76,0
DA:77,0
DA:78,0
DA:79,0
DA:84,0
DA:85,0
DA:86,0
DA:87,0
DA:90,0
DA:91,0
DA:92,0
DA:95,0
DA:96,0
DA:98,0
DA:103,0
DA:105,0
DA:107,0
DA:116,0
DA:117,0
DA:119,0
DA:121,0
DA:124,0
DA:129,0
DA:130,0
DA:132,0
DA:133,0
DA:135,0
DA:136,0
DA:139,0
DA:140,0
DA:142,0
DA:143,0
DA:146,0
DA:147,0
DA:150,0
DA:154,0
DA:158,0
DA:159,0
DA:162,0
DA:166,0
DA:168,0
DA:173,0
DA:174,0
DA:176,0
DA:181,1
LF:77
LH:4
BRDA:6,0,0,0
BRDA:23,1,0,0
BRDA:26,2,0,0
BRDA:26,2,1,0
BRDA:28,3,0,0
BRDA:28,3,1,0
BRDA:32,4,0,0
BRDA:32,4,1,0
BRDA:35,5,0,0
BRDA:36,6,0,0
BRDA:36,6,1,0
BRDA:40,7,0,0
BRDA:40,7,1,0
BRDA:43,8,0,0
BRDA:43,8,1,0
BRDA:45,9,0,0
BRDA:45,9,1,0
BRDA:57,10,0,0
BRDA:57,10,1,0
BRDA:61,11,0,0
BRDA:61,11,1,0
BRDA:69,12,0,0
BRDA:70,13,0,0
BRDA:70,13,1,0
BRDA:74,14,0,0
BRDA:74,14,1,0
BRDA:86,15,0,0
BRDA:86,15,1,0
BRDA:86,16,0,0
BRDA:86,16,1,0
BRDA:91,17,0,0
BRDA:91,17,1,0
BRDA:98,18,0,0
BRDA:98,18,1,0
BRDA:98,18,2,0
BRDA:103,19,0,0
BRDA:103,19,1,0
BRDA:130,20,0,0
BRDA:130,20,1,0
BRDA:135,21,0,0
BRDA:135,21,1,0
BRDA:142,22,0,0
BRDA:142,22,1,0
BRDA:146,23,0,0
BRDA:146,23,1,0
BRDA:154,24,0,0
BRDA:154,24,1,0
BRDA:158,25,0,0
BRDA:158,25,1,0
BRDA:168,26,0,0
BRDA:168,26,1,0
BRDA:168,26,2,0
BRDA:173,27,0,0
BRDA:173,27,1,0
BRF:54
BRH:0
end_of_record
TN:
SF:src/config/roleEnum.js
FNF:0
FNH:0
DA:1,2
DA:6,2
DA:8,2
LF:3
LH:3
BRF:0
BRH:0
end_of_record
TN:
SF:src/product/data/models/productModel.js
FN:13,(anonymous_0)
FN:29,(anonymous_1)
FN:37,(anonymous_2)
FNF:3
FNH:0
FNDA:0,(anonymous_0)
FNDA:0,(anonymous_1)
FNDA:0,(anonymous_2)
DA:1,1
DA:3,1
DA:13,0
DA:19,1
DA:29,0
DA:37,0
DA:61,1
DA:63,1
LF:8
LH:5
BRDA:29,0,0,0
BRDA:29,0,1,0
BRDA:29,0,2,0
BRF:3
BRH:0
end_of_record
TN:
SF:src/product/data/repositories/ProductRepository.js
FN:4,(anonymous_0)
FN:8,(anonymous_1)
FN:17,(anonymous_2)
FN:22,(anonymous_3)
FN:37,(anonymous_4)
FN:41,(anonymous_5)
FN:53,(anonymous_6)
FN:57,(anonymous_7)
FN:69,(anonymous_8)
FN:74,(anonymous_9)
FN:87,(anonymous_10)
FNF:11
FNH:0
FNDA:0,(anonymous_0)
FNDA:0,(anonymous_1)
FNDA:0,(anonymous_2)
FNDA:0,(anonymous_3)
FNDA:0,(anonymous_4)
FNDA:0,(anonymous_5)
FNDA:0,(anonymous_6)
FNDA:0,(anonymous_7)
FNDA:0,(anonymous_8)
FNDA:0,(anonymous_9)
FNDA:0,(anonymous_10)
DA:1,1
DA:5,0
DA:9,0
DA:18,0
DA:19,0
DA:23,0
DA:38,0
DA:42,0
DA:54,0
DA:58,0
DA:70,0
DA:75,0
DA:88,0
DA:92,1
LF:14
LH:2
BRDA:69,0,0,0
BRDA:74,1,0,0
BRF:2
BRH:0
end_of_record
TN:
SF:src/recentView/data/models/RecentViewModel.js
FN:15,(anonymous_0)
FNF:1
FNH:0
FNDA:0,(anonymous_0)
DA:1,1
DA:3,1
DA:15,0
DA:32,1
LF:4
LH:3
BRF:0
BRH:0
end_of_record
TN:
SF:src/recentView/services/RecentViewService.js
FN:4,(anonymous_0)
FN:18,(anonymous_1)
FN:32,(anonymous_2)
FNF:3
FNH:0
FNDA:0,(anonymous_0)
FNDA:0,(anonymous_1)
FNDA:0,(anonymous_2)
DA:1,1
DA:5,0
DA:6,0
DA:8,0
DA:15,0
DA:19,0
DA:21,0
DA:23,0
DA:29,0
DA:33,0
DA:35,0
DA:37,0
DA:38,0
DA:43,0
DA:44,0
DA:49,0
DA:53,0
DA:57,1
LF:18
LH:2
BRDA:4,0,0,0
BRDA:4,1,0,0
BRDA:5,2,0,0
BRDA:5,2,1,0
BRDA:6,3,0,0
BRDA:6,3,1,0
BRDA:6,4,0,0
BRDA:6,4,1,0
BRDA:18,5,0,0
BRDA:18,6,0,0
BRDA:18,7,0,0
BRDA:19,8,0,0
BRDA:19,8,1,0
BRDA:19,9,0,0
BRDA:19,9,1,0
BRDA:21,10,0,0
BRDA:21,10,1,0
BRDA:33,11,0,0
BRDA:33,11,1,0
BRDA:33,12,0,0
BRDA:33,12,1,0
BRDA:43,13,0,0
BRDA:43,13,1,0
BRF:23
BRH:0
end_of_record
TN:
SF:src/user/data/models/userModel.js
FNF:0
FNH:0
DA:1,2
DA:2,2
DA:4,2
DA:77,2
LF:4
LH:4
BRF:0
BRH:0
end_of_record
TN:
SF:src/user/data/repositories/UserRepository.js
FN:6,(anonymous_0)
FN:12,(anonymous_1)
FN:16,(anonymous_2)
FN:27,(anonymous_3)
FN:35,(anonymous_4)
FN:41,(anonymous_5)
FN:45,(anonymous_6)
FNF:7
FNH:0
FNDA:0,(anonymous_0)
FNDA:0,(anonymous_1)
FNDA:0,(anonymous_2)
FNDA:0,(anonymous_3)
FNDA:0,(anonymous_4)
FNDA:0,(anonymous_5)
FNDA:0,(anonymous_6)
DA:1,1
DA:2,1
DA:7,0
DA:8,0
DA:9,0
DA:13,0
DA:17,0
DA:23,0
DA:24,0
DA:28,0
DA:29,0
DA:31,0
DA:32,0
DA:36,0
DA:37,0
DA:38,0
DA:42,0
DA:46,0
DA:47,0
DA:48,0
DA:50,0
DA:54,1
LF:22
LH:3
BRDA:23,0,0,0
BRDA:23,0,1,0
BRDA:29,1,0,0
BRDA:29,1,1,0
BRDA:37,2,0,0
BRDA:37,2,1,0
BRDA:45,3,0,0
BRDA:47,4,0,0
BRDA:47,4,1,0
BRF:9
BRH:0
end_of_record
TN:
SF:src/user/services/UserService.js
FN:12,(anonymous_0)
FN:27,(anonymous_1)
FN:44,(anonymous_2)
FN:59,(anonymous_3)
FN:75,(anonymous_4)
FN:85,(anonymous_5)
FN:101,(anonymous_6)
FN:110,(anonymous_7)
FN:124,(anonymous_8)
FN:140,(anonymous_9)
FN:144,(anonymous_10)
FN:148,(anonymous_11)
FN:154,(anonymous_12)
FN:200,(anonymous_13)
FN:205,(anonymous_14)
FNF:15
FNH:14
FNDA:4,(anonymous_0)
FNDA:2,(anonymous_1)
FNDA:5,(anonymous_2)
FNDA:3,(anonymous_3)
FNDA:2,(anonymous_4)
FNDA:2,(anonymous_5)
FNDA:4,(anonymous_6)
FNDA:3,(anonymous_7)
FNDA:0,(anonymous_8)
FNDA:1,(anonymous_9)
FNDA:1,(anonymous_10)
FNDA:1,(anonymous_11)
FNDA:5,(anonymous_12)
FNDA:2,(anonymous_13)
FNDA:3,(anonymous_14)
DA:1,1
DA:2,1
DA:3,1
DA:4,1
DA:5,1
DA:6,1
DA:7,1
DA:8,1
DA:14,4
DA:15,4
DA:16,2
DA:19,2
DA:21,1
DA:24,2
DA:28,2
DA:29,1
DA:30,1
DA:32,1
DA:33,1
DA:34,1
DA:35,1
DA:37,1
DA:38,1
DA:40,1
DA:41,1
DA:45,5
DA:46,5
DA:47,1
DA:48,0
DA:51,1
DA:52,1
DA:53,1
DA:54,1
DA:56,1
DA:60,3
DA:61,3
DA:63,1
DA:64,1
DA:65,1
DA:66,1
DA:68,1
DA:69,1
DA:71,1
DA:72,1
DA:76,2
DA:77,2
DA:79,1
DA:86,2
DA:87,2
DA:89,1
DA:90,1
DA:91,1
DA:92,1
DA:94,1
DA:95,1
DA:97,1
DA:98,1
DA:102,4
DA:103,4
DA:104,3
DA:107,1
DA:111,3
DA:112,3
DA:113,2
DA:116,1
DA:117,1
DA:118,1
DA:119,1
DA:121,1
DA:127,0
DA:128,0
DA:130,0
DA:131,0
DA:135,0
DA:141,1
DA:145,1
DA:149,1
DA:155,5
DA:158,5
DA:160,5
DA:161,2
DA:164,5
DA:165,2
DA:168,5
DA:170,2
DA:171,2
DA:172,1
DA:174,1
DA:176,1
DA:179,4
DA:180,3
DA:183,4
DA:184,2
DA:188,4
DA:189,1
DA:192,3
DA:195,3
DA:197,3
DA:201,2
DA:202,2
DA:203,1
DA:206,3
DA:207,3
DA:210,2
DA:223,1
LF:105
LH:99
BRDA:15,0,0,2
BRDA:15,0,1,2
BRDA:15,1,0,4
BRDA:15,1,1,3
BRDA:19,2,0,1
BRDA:19,2,1,1
BRDA:46,3,0,4
BRDA:46,3,1,1
BRDA:46,4,0,5
BRDA:46,4,1,4
BRDA:47,5,0,0
BRDA:47,5,1,1
BRDA:47,6,0,1
BRDA:47,6,1,1
BRDA:61,7,0,2
BRDA:61,7,1,1
BRDA:61,8,0,3
BRDA:61,8,1,2
BRDA:77,9,0,1
BRDA:77,9,1,1
BRDA:87,10,0,1
BRDA:87,10,1,1
BRDA:103,11,0,3
BRDA:103,11,1,1
BRDA:103,12,0,4
BRDA:103,12,1,3
BRDA:103,12,2,2
BRDA:112,13,0,2
BRDA:112,13,1,1
BRDA:112,14,0,3
BRDA:112,14,1,2
BRDA:112,14,2,1
BRDA:128,15,0,0
BRDA:128,15,1,0
BRDA:160,16,0,2
BRDA:160,16,1,3
BRDA:160,17,0,5
BRDA:160,17,1,3
BRDA:164,18,0,2
BRDA:164,18,1,3
BRDA:164,19,0,5
BRDA:164,19,1,2
BRDA:168,20,0,2
BRDA:168,20,1,3
BRDA:168,21,0,5
BRDA:168,21,1,2
BRDA:171,22,0,1
BRDA:171,22,1,1
BRDA:179,23,0,3
BRDA:179,23,1,1
BRDA:180,24,0,2
BRDA:180,24,1,1
BRDA:183,25,0,2
BRDA:183,25,1,2
BRDA:184,26,0,1
BRDA:184,26,1,1
BRDA:188,27,0,1
BRDA:188,27,1,3
BRDA:202,28,0,1
BRDA:202,28,1,1
BRDA:207,29,0,1
BRDA:207,29,1,2
BRDA:214,30,0,2
BRDA:214,30,1,1
BRDA:215,31,0,2
BRDA:215,31,1,1
BRF:66
BRH:63
end_of_record
TN:
SF:src/utils/cartHelper.js
FN:3,(anonymous_0)
FN:9,(anonymous_1)
FNF:2
FNH:0
FNDA:0,(anonymous_0)
FNDA:0,(anonymous_1)
DA:1,1
DA:3,1
DA:4,0
DA:5,0
DA:6,0
DA:9,1
DA:10,0
DA:11,0
DA:12,0
DA:13,0
DA:14,0
DA:16,0
LF:12
LH:3
BRDA:5,0,0,0
BRDA:5,0,1,0
BRDA:13,1,0,0
BRDA:13,1,1,0
BRF:4
BRH:0
end_of_record
TN:
SF:src/utils/emailHandler.js
FN:12,(anonymous_0)
FN:25,(anonymous_1)
FNF:2
FNH:0
FNDA:0,(anonymous_0)
FNDA:0,(anonymous_1)
DA:1,1
DA:2,1
DA:4,1
DA:12,1
DA:13,0
DA:14,0
DA:21,0
DA:22,0
DA:25,1
DA:26,0
DA:27,0
DA:34,0
DA:35,0
DA:39,1
LF:14
LH:6
BRF:0
BRH:0
end_of_record
TN:
SF:src/utils/tokenGenerator.js
FN:2,(anonymous_0)
FNF:1
FNH:0
FNDA:0,(anonymous_0)
DA:2,1
DA:3,0
DA:6,1
LF:3
LH:2
BRF:0
BRH:0
end_of_record
TN:
SF:src/utils/validation.js
FN:5,(anonymous_0)
FN:21,(anonymous_1)
FNF:2
FNH:0
FNDA:0,(anonymous_0)
FNDA:0,(anonymous_1)
DA:1,1
DA:2,1
DA:5,1
DA:6,0
DA:11,0
DA:12,0
DA:15,0
DA:16,0
DA:21,1
DA:22,0
DA:24,0
DA:25,0
DA:29,1
LF:13
LH:5
BRDA:11,0,0,0
BRDA:11,0,1,0
BRDA:15,1,0,0
BRDA:15,1,1,0
BRDA:24,2,0,0
BRDA:24,2,1,0
BRF:6
BRH:0
end_of_record
